CRITICAL - 2025-11-24 03:18:45 --> ErrorException: Undefined array key "password"
[Method: POST, Route: login/authenticate]
in APPPATH\Controllers\Login.php on line 32.
 1 APPPATH\Controllers\Login.php(32): CodeIgniter\Debug\Exceptions->errorHandler(2, 'Undefined array key "password"', 'C:\\xampp\\htdocs\\comeya\\app\\Controllers\\Login.php', 32)
 2 SYSTEMPATH\CodeIgniter.php(933): App\Controllers\Login->authenticate()
 3 SYSTEMPATH\CodeIgniter.php(507): CodeIgniter\CodeIgniter->runController(Object(App\Controllers\Login))
 4 SYSTEMPATH\CodeIgniter.php(354): CodeIgniter\CodeIgniter->handleRequest(null, Object(Config\Cache), false)
 5 SYSTEMPATH\Boot.php(363): CodeIgniter\CodeIgniter->run()
 6 SYSTEMPATH\Boot.php(68): CodeIgniter\Boot::runCodeIgniter(Object(CodeIgniter\CodeIgniter))
 7 FCPATH\index.php(59): CodeIgniter\Boot::bootWeb(Object(Config\Paths))
 8 ROOTPATH\index.php(2): require_once('C:\\xampp\\htdocs\\comeya\\public\\index.php')
CRITICAL - 2025-11-24 03:19:26 --> ErrorException: Undefined array key "password"
[Method: POST, Route: login/authenticate]
in APPPATH\Controllers\Login.php on line 32.
 1 APPPATH\Controllers\Login.php(32): CodeIgniter\Debug\Exceptions->errorHandler(2, 'Undefined array key "password"', 'C:\\xampp\\htdocs\\comeya\\app\\Controllers\\Login.php', 32)
 2 SYSTEMPATH\CodeIgniter.php(933): App\Controllers\Login->authenticate()
 3 SYSTEMPATH\CodeIgniter.php(507): CodeIgniter\CodeIgniter->runController(Object(App\Controllers\Login))
 4 SYSTEMPATH\CodeIgniter.php(354): CodeIgniter\CodeIgniter->handleRequest(null, Object(Config\Cache), false)
 5 SYSTEMPATH\Boot.php(363): CodeIgniter\CodeIgniter->run()
 6 SYSTEMPATH\Boot.php(68): CodeIgniter\Boot::runCodeIgniter(Object(CodeIgniter\CodeIgniter))
 7 FCPATH\index.php(59): CodeIgniter\Boot::bootWeb(Object(Config\Paths))
 8 ROOTPATH\index.php(2): require_once('C:\\xampp\\htdocs\\comeya\\public\\index.php')
ERROR - 2025-11-24 03:20:02 --> mysqli_sql_exception: Unknown column 'password' in 'field list' in C:\xampp\htdocs\comeya\system\Database\MySQLi\Connection.php:327
Stack trace:
#0 C:\xampp\htdocs\comeya\system\Database\MySQLi\Connection.php(327): mysqli->query('SELECT `id`, `n...', 0)
#1 C:\xampp\htdocs\comeya\system\Database\BaseConnection.php(729): CodeIgniter\Database\MySQLi\Connection->execute('SELECT `id`, `n...')
#2 C:\xampp\htdocs\comeya\system\Database\BaseConnection.php(646): CodeIgniter\Database\BaseConnection->simpleQuery('SELECT `id`, `n...')
#3 C:\xampp\htdocs\comeya\system\Database\BaseBuilder.php(1649): CodeIgniter\Database\BaseConnection->query('SELECT `id`, `n...', Array, false)
#4 C:\xampp\htdocs\comeya\app\Controllers\Login.php(26): CodeIgniter\Database\BaseBuilder->get()
#5 C:\xampp\htdocs\comeya\system\CodeIgniter.php(933): App\Controllers\Login->authenticate()
#6 C:\xampp\htdocs\comeya\system\CodeIgniter.php(507): CodeIgniter\CodeIgniter->runController(Object(App\Controllers\Login))
#7 C:\xampp\htdocs\comeya\system\CodeIgniter.php(354): CodeIgniter\CodeIgniter->handleRequest(NULL, Object(Config\Cache), false)
#8 C:\xampp\htdocs\comeya\system\Boot.php(363): CodeIgniter\CodeIgniter->run()
#9 C:\xampp\htdocs\comeya\system\Boot.php(68): CodeIgniter\Boot::runCodeIgniter(Object(CodeIgniter\CodeIgniter))
#10 C:\xampp\htdocs\comeya\public\index.php(59): CodeIgniter\Boot::bootWeb(Object(Config\Paths))
#11 C:\xampp\htdocs\comeya\index.php(2): require_once('C:\\xampp\\htdocs...')
#12 {main}
CRITICAL - 2025-11-24 03:20:02 --> CodeIgniter\Database\Exceptions\DatabaseException: Unknown column 'password' in 'field list'
[Method: POST, Route: login/authenticate]
in SYSTEMPATH\Database\BaseConnection.php on line 684.
 1 SYSTEMPATH\Database\BaseBuilder.php(1649): CodeIgniter\Database\BaseConnection->query('SELECT `id`, `nombre`, `email`, `password`, `activo`
FROM `empresas`
WHERE `email` = :email:
AND `activo` = :activo:', [...], false)
 2 APPPATH\Controllers\Login.php(26): CodeIgniter\Database\BaseBuilder->get()
 3 SYSTEMPATH\CodeIgniter.php(933): App\Controllers\Login->authenticate()
 4 SYSTEMPATH\CodeIgniter.php(507): CodeIgniter\CodeIgniter->runController(Object(App\Controllers\Login))
 5 SYSTEMPATH\CodeIgniter.php(354): CodeIgniter\CodeIgniter->handleRequest(null, Object(Config\Cache), false)
 6 SYSTEMPATH\Boot.php(363): CodeIgniter\CodeIgniter->run()
 7 SYSTEMPATH\Boot.php(68): CodeIgniter\Boot::runCodeIgniter(Object(CodeIgniter\CodeIgniter))
 8 FCPATH\index.php(59): CodeIgniter\Boot::bootWeb(Object(Config\Paths))
 9 ROOTPATH\index.php(2): require_once('C:\\xampp\\htdocs\\comeya\\public\\index.php')
CRITICAL - 2025-11-24 03:20:02 --> [Caused by] CodeIgniter\Database\Exceptions\DatabaseException: Unknown column 'password' in 'field list'
in SYSTEMPATH\Database\MySQLi\Connection.php on line 332.
 1 SYSTEMPATH\Database\BaseConnection.php(729): CodeIgniter\Database\MySQLi\Connection->execute('SELECT `id`, `nombre`, `email`, `password`, `activo`
FROM `empresas`
WHERE `email` = \'info@donmario.com\'
AND `activo` = 1')
 2 SYSTEMPATH\Database\BaseConnection.php(646): CodeIgniter\Database\BaseConnection->simpleQuery('SELECT `id`, `nombre`, `email`, `password`, `activo`
FROM `empresas`
WHERE `email` = \'info@donmario.com\'
AND `activo` = 1')
 3 SYSTEMPATH\Database\BaseBuilder.php(1649): CodeIgniter\Database\BaseConnection->query('SELECT `id`, `nombre`, `email`, `password`, `activo`
FROM `empresas`
WHERE `email` = :email:
AND `activo` = :activo:', [...], false)
 4 APPPATH\Controllers\Login.php(26): CodeIgniter\Database\BaseBuilder->get()
 5 SYSTEMPATH\CodeIgniter.php(933): App\Controllers\Login->authenticate()
 6 SYSTEMPATH\CodeIgniter.php(507): CodeIgniter\CodeIgniter->runController(Object(App\Controllers\Login))
 7 SYSTEMPATH\CodeIgniter.php(354): CodeIgniter\CodeIgniter->handleRequest(null, Object(Config\Cache), false)
 8 SYSTEMPATH\Boot.php(363): CodeIgniter\CodeIgniter->run()
 9 SYSTEMPATH\Boot.php(68): CodeIgniter\Boot::runCodeIgniter(Object(CodeIgniter\CodeIgniter))
10 FCPATH\index.php(59): CodeIgniter\Boot::bootWeb(Object(Config\Paths))
11 ROOTPATH\index.php(2): require_once('C:\\xampp\\htdocs\\comeya\\public\\index.php')
CRITICAL - 2025-11-24 03:20:02 --> [Caused by] mysqli_sql_exception: Unknown column 'password' in 'field list'
in SYSTEMPATH\Database\MySQLi\Connection.php on line 327.
 1 SYSTEMPATH\Database\MySQLi\Connection.php(327): mysqli->query('SELECT `id`, `nombre`, `email`, `password`, `activo`
FROM `empresas`
WHERE `email` = \'info@donmario.com\'
AND `activo` = 1', 0)
 2 SYSTEMPATH\Database\BaseConnection.php(729): CodeIgniter\Database\MySQLi\Connection->execute('SELECT `id`, `nombre`, `email`, `password`, `activo`
FROM `empresas`
WHERE `email` = \'info@donmario.com\'
AND `activo` = 1')
 3 SYSTEMPATH\Database\BaseConnection.php(646): CodeIgniter\Database\BaseConnection->simpleQuery('SELECT `id`, `nombre`, `email`, `password`, `activo`
FROM `empresas`
WHERE `email` = \'info@donmario.com\'
AND `activo` = 1')
 4 SYSTEMPATH\Database\BaseBuilder.php(1649): CodeIgniter\Database\BaseConnection->query('SELECT `id`, `nombre`, `email`, `password`, `activo`
FROM `empresas`
WHERE `email` = :email:
AND `activo` = :activo:', [...], false)
 5 APPPATH\Controllers\Login.php(26): CodeIgniter\Database\BaseBuilder->get()
 6 SYSTEMPATH\CodeIgniter.php(933): App\Controllers\Login->authenticate()
 7 SYSTEMPATH\CodeIgniter.php(507): CodeIgniter\CodeIgniter->runController(Object(App\Controllers\Login))
 8 SYSTEMPATH\CodeIgniter.php(354): CodeIgniter\CodeIgniter->handleRequest(null, Object(Config\Cache), false)
 9 SYSTEMPATH\Boot.php(363): CodeIgniter\CodeIgniter->run()
10 SYSTEMPATH\Boot.php(68): CodeIgniter\Boot::runCodeIgniter(Object(CodeIgniter\CodeIgniter))
11 FCPATH\index.php(59): CodeIgniter\Boot::bootWeb(Object(Config\Paths))
12 ROOTPATH\index.php(2): require_once('C:\\xampp\\htdocs\\comeya\\public\\index.php')
ERROR - 2025-11-24 03:23:30 --> mysqli_sql_exception: Unknown column 'password' in 'field list' in C:\xampp\htdocs\comeya\system\Database\MySQLi\Connection.php:327
Stack trace:
#0 C:\xampp\htdocs\comeya\system\Database\MySQLi\Connection.php(327): mysqli->query('SELECT `id`, `n...', 0)
#1 C:\xampp\htdocs\comeya\system\Database\BaseConnection.php(729): CodeIgniter\Database\MySQLi\Connection->execute('SELECT `id`, `n...')
#2 C:\xampp\htdocs\comeya\system\Database\BaseConnection.php(646): CodeIgniter\Database\BaseConnection->simpleQuery('SELECT `id`, `n...')
#3 C:\xampp\htdocs\comeya\system\Database\BaseBuilder.php(1649): CodeIgniter\Database\BaseConnection->query('SELECT `id`, `n...', Array, false)
#4 C:\xampp\htdocs\comeya\app\Controllers\Login.php(27): CodeIgniter\Database\BaseBuilder->get()
#5 C:\xampp\htdocs\comeya\system\CodeIgniter.php(933): App\Controllers\Login->authenticate()
#6 C:\xampp\htdocs\comeya\system\CodeIgniter.php(507): CodeIgniter\CodeIgniter->runController(Object(App\Controllers\Login))
#7 C:\xampp\htdocs\comeya\system\CodeIgniter.php(354): CodeIgniter\CodeIgniter->handleRequest(NULL, Object(Config\Cache), false)
#8 C:\xampp\htdocs\comeya\system\Boot.php(363): CodeIgniter\CodeIgniter->run()
#9 C:\xampp\htdocs\comeya\system\Boot.php(68): CodeIgniter\Boot::runCodeIgniter(Object(CodeIgniter\CodeIgniter))
#10 C:\xampp\htdocs\comeya\public\index.php(59): CodeIgniter\Boot::bootWeb(Object(Config\Paths))
#11 C:\xampp\htdocs\comeya\index.php(2): require_once('C:\\xampp\\htdocs...')
#12 {main}
ERROR - 2025-11-24 03:23:37 --> mysqli_sql_exception: Unknown column 'password' in 'field list' in C:\xampp\htdocs\comeya\system\Database\MySQLi\Connection.php:327
Stack trace:
#0 C:\xampp\htdocs\comeya\system\Database\MySQLi\Connection.php(327): mysqli->query('SELECT `id`, `n...', 0)
#1 C:\xampp\htdocs\comeya\system\Database\BaseConnection.php(729): CodeIgniter\Database\MySQLi\Connection->execute('SELECT `id`, `n...')
#2 C:\xampp\htdocs\comeya\system\Database\BaseConnection.php(646): CodeIgniter\Database\BaseConnection->simpleQuery('SELECT `id`, `n...')
#3 C:\xampp\htdocs\comeya\system\Database\BaseBuilder.php(1649): CodeIgniter\Database\BaseConnection->query('SELECT `id`, `n...', Array, false)
#4 C:\xampp\htdocs\comeya\app\Controllers\Login.php(27): CodeIgniter\Database\BaseBuilder->get()
#5 C:\xampp\htdocs\comeya\system\CodeIgniter.php(933): App\Controllers\Login->authenticate()
#6 C:\xampp\htdocs\comeya\system\CodeIgniter.php(507): CodeIgniter\CodeIgniter->runController(Object(App\Controllers\Login))
#7 C:\xampp\htdocs\comeya\system\CodeIgniter.php(354): CodeIgniter\CodeIgniter->handleRequest(NULL, Object(Config\Cache), false)
#8 C:\xampp\htdocs\comeya\system\Boot.php(363): CodeIgniter\CodeIgniter->run()
#9 C:\xampp\htdocs\comeya\system\Boot.php(68): CodeIgniter\Boot::runCodeIgniter(Object(CodeIgniter\CodeIgniter))
#10 C:\xampp\htdocs\comeya\public\index.php(59): CodeIgniter\Boot::bootWeb(Object(Config\Paths))
#11 C:\xampp\htdocs\comeya\index.php(2): require_once('C:\\xampp\\htdocs...')
#12 {main}
