ERROR - 2025-11-17 03:42:43 --> mysqli_sql_exception: Unknown column 'ciudad' in 'field list' in C:\xampp\htdocs\comeya\system\Database\MySQLi\Connection.php:327
Stack trace:
#0 C:\xampp\htdocs\comeya\system\Database\MySQLi\Connection.php(327): mysqli->query('SELECT DISTINCT...', 0)
#1 C:\xampp\htdocs\comeya\system\Database\BaseConnection.php(729): CodeIgniter\Database\MySQLi\Connection->execute('SELECT DISTINCT...')
#2 C:\xampp\htdocs\comeya\system\Database\BaseConnection.php(646): CodeIgniter\Database\BaseConnection->simpleQuery('SELECT DISTINCT...')
#3 C:\xampp\htdocs\comeya\system\Database\BaseBuilder.php(1649): CodeIgniter\Database\BaseConnection->query('SELECT DISTINCT...', Array, false)
#4 C:\xampp\htdocs\comeya\system\Model.php(286): CodeIgniter\Database\BaseBuilder->get()
#5 C:\xampp\htdocs\comeya\system\BaseModel.php(677): CodeIgniter\Model->doFindAll(0, 0)
#6 C:\xampp\htdocs\comeya\app\Controllers\Empresas.php(40): CodeIgniter\BaseModel->findAll()
#7 C:\xampp\htdocs\comeya\system\CodeIgniter.php(933): App\Controllers\Empresas->index()
#8 C:\xampp\htdocs\comeya\system\CodeIgniter.php(507): CodeIgniter\CodeIgniter->runController(Object(App\Controllers\Empresas))
#9 C:\xampp\htdocs\comeya\system\CodeIgniter.php(354): CodeIgniter\CodeIgniter->handleRequest(NULL, Object(Config\Cache), false)
#10 C:\xampp\htdocs\comeya\system\Boot.php(363): CodeIgniter\CodeIgniter->run()
#11 C:\xampp\htdocs\comeya\system\Boot.php(68): CodeIgniter\Boot::runCodeIgniter(Object(CodeIgniter\CodeIgniter))
#12 C:\xampp\htdocs\comeya\public\index.php(59): CodeIgniter\Boot::bootWeb(Object(Config\Paths))
#13 {main}
CRITICAL - 2025-11-17 03:42:43 --> CodeIgniter\Database\Exceptions\DatabaseException: Unknown column 'ciudad' in 'field list'
[Method: GET, Route: superadmin/empresas]
in SYSTEMPATH\Database\BaseConnection.php on line 684.
 1 SYSTEMPATH\Database\BaseBuilder.php(1649): CodeIgniter\Database\BaseConnection->query('SELECT DISTINCT `ciudad`
FROM `empresas`', [], false)
 2 SYSTEMPATH\Model.php(286): CodeIgniter\Database\BaseBuilder->get()
 3 SYSTEMPATH\BaseModel.php(677): CodeIgniter\Model->doFindAll(0, 0)
 4 APPPATH\Controllers\Empresas.php(40): CodeIgniter\BaseModel->findAll()
 5 SYSTEMPATH\CodeIgniter.php(933): App\Controllers\Empresas->index()
 6 SYSTEMPATH\CodeIgniter.php(507): CodeIgniter\CodeIgniter->runController(Object(App\Controllers\Empresas))
 7 SYSTEMPATH\CodeIgniter.php(354): CodeIgniter\CodeIgniter->handleRequest(null, Object(Config\Cache), false)
 8 SYSTEMPATH\Boot.php(363): CodeIgniter\CodeIgniter->run()
 9 SYSTEMPATH\Boot.php(68): CodeIgniter\Boot::runCodeIgniter(Object(CodeIgniter\CodeIgniter))
10 FCPATH\index.php(59): CodeIgniter\Boot::bootWeb(Object(Config\Paths))
CRITICAL - 2025-11-17 03:42:43 --> [Caused by] CodeIgniter\Database\Exceptions\DatabaseException: Unknown column 'ciudad' in 'field list'
in SYSTEMPATH\Database\MySQLi\Connection.php on line 332.
 1 SYSTEMPATH\Database\BaseConnection.php(729): CodeIgniter\Database\MySQLi\Connection->execute('SELECT DISTINCT `ciudad`
FROM `empresas`')
 2 SYSTEMPATH\Database\BaseConnection.php(646): CodeIgniter\Database\BaseConnection->simpleQuery('SELECT DISTINCT `ciudad`
FROM `empresas`')
 3 SYSTEMPATH\Database\BaseBuilder.php(1649): CodeIgniter\Database\BaseConnection->query('SELECT DISTINCT `ciudad`
FROM `empresas`', [], false)
 4 SYSTEMPATH\Model.php(286): CodeIgniter\Database\BaseBuilder->get()
 5 SYSTEMPATH\BaseModel.php(677): CodeIgniter\Model->doFindAll(0, 0)
 6 APPPATH\Controllers\Empresas.php(40): CodeIgniter\BaseModel->findAll()
 7 SYSTEMPATH\CodeIgniter.php(933): App\Controllers\Empresas->index()
 8 SYSTEMPATH\CodeIgniter.php(507): CodeIgniter\CodeIgniter->runController(Object(App\Controllers\Empresas))
 9 SYSTEMPATH\CodeIgniter.php(354): CodeIgniter\CodeIgniter->handleRequest(null, Object(Config\Cache), false)
10 SYSTEMPATH\Boot.php(363): CodeIgniter\CodeIgniter->run()
11 SYSTEMPATH\Boot.php(68): CodeIgniter\Boot::runCodeIgniter(Object(CodeIgniter\CodeIgniter))
12 FCPATH\index.php(59): CodeIgniter\Boot::bootWeb(Object(Config\Paths))
CRITICAL - 2025-11-17 03:42:43 --> [Caused by] mysqli_sql_exception: Unknown column 'ciudad' in 'field list'
in SYSTEMPATH\Database\MySQLi\Connection.php on line 327.
 1 SYSTEMPATH\Database\MySQLi\Connection.php(327): mysqli->query('SELECT DISTINCT `ciudad`
FROM `empresas`', 0)
 2 SYSTEMPATH\Database\BaseConnection.php(729): CodeIgniter\Database\MySQLi\Connection->execute('SELECT DISTINCT `ciudad`
FROM `empresas`')
 3 SYSTEMPATH\Database\BaseConnection.php(646): CodeIgniter\Database\BaseConnection->simpleQuery('SELECT DISTINCT `ciudad`
FROM `empresas`')
 4 SYSTEMPATH\Database\BaseBuilder.php(1649): CodeIgniter\Database\BaseConnection->query('SELECT DISTINCT `ciudad`
FROM `empresas`', [], false)
 5 SYSTEMPATH\Model.php(286): CodeIgniter\Database\BaseBuilder->get()
 6 SYSTEMPATH\BaseModel.php(677): CodeIgniter\Model->doFindAll(0, 0)
 7 APPPATH\Controllers\Empresas.php(40): CodeIgniter\BaseModel->findAll()
 8 SYSTEMPATH\CodeIgniter.php(933): App\Controllers\Empresas->index()
 9 SYSTEMPATH\CodeIgniter.php(507): CodeIgniter\CodeIgniter->runController(Object(App\Controllers\Empresas))
10 SYSTEMPATH\CodeIgniter.php(354): CodeIgniter\CodeIgniter->handleRequest(null, Object(Config\Cache), false)
11 SYSTEMPATH\Boot.php(363): CodeIgniter\CodeIgniter->run()
12 SYSTEMPATH\Boot.php(68): CodeIgniter\Boot::runCodeIgniter(Object(CodeIgniter\CodeIgniter))
13 FCPATH\index.php(59): CodeIgniter\Boot::bootWeb(Object(Config\Paths))
CRITICAL - 2025-11-17 04:44:02 --> CodeIgniter\View\Exceptions\ViewException: Invalid file: "dashboard/analytics/dispositivos.php"
[Method: GET, Route: superadmin/analytics/dispositivos]
in SYSTEMPATH\Exceptions\FrameworkException.php on line 39.
 1 SYSTEMPATH\View\View.php(214): CodeIgniter\Exceptions\FrameworkException::forInvalidFile('dashboard/analytics/dispositivos.php')
 2 SYSTEMPATH\Common.php(1167): CodeIgniter\View\View->render('dashboard/analytics/dispositivos', [], true)
 3 APPPATH\Controllers\Analytics.php(67): view('dashboard/analytics/dispositivos', [...])
 4 SYSTEMPATH\CodeIgniter.php(933): App\Controllers\Analytics->dispositivos()
 5 SYSTEMPATH\CodeIgniter.php(507): CodeIgniter\CodeIgniter->runController(Object(App\Controllers\Analytics))
 6 SYSTEMPATH\CodeIgniter.php(354): CodeIgniter\CodeIgniter->handleRequest(null, Object(Config\Cache), false)
 7 SYSTEMPATH\Boot.php(363): CodeIgniter\CodeIgniter->run()
 8 SYSTEMPATH\Boot.php(68): CodeIgniter\Boot::runCodeIgniter(Object(CodeIgniter\CodeIgniter))
 9 FCPATH\index.php(59): CodeIgniter\Boot::bootWeb(Object(Config\Paths))
CRITICAL - 2025-11-17 04:44:08 --> CodeIgniter\View\Exceptions\ViewException: Invalid file: "dashboard/analytics/origenes.php"
[Method: GET, Route: superadmin/analytics/origenes]
in SYSTEMPATH\Exceptions\FrameworkException.php on line 39.
 1 SYSTEMPATH\View\View.php(214): CodeIgniter\Exceptions\FrameworkException::forInvalidFile('dashboard/analytics/origenes.php')
 2 SYSTEMPATH\Common.php(1167): CodeIgniter\View\View->render('dashboard/analytics/origenes', [], true)
 3 APPPATH\Controllers\Analytics.php(82): view('dashboard/analytics/origenes', [...])
 4 SYSTEMPATH\CodeIgniter.php(933): App\Controllers\Analytics->origenes()
 5 SYSTEMPATH\CodeIgniter.php(507): CodeIgniter\CodeIgniter->runController(Object(App\Controllers\Analytics))
 6 SYSTEMPATH\CodeIgniter.php(354): CodeIgniter\CodeIgniter->handleRequest(null, Object(Config\Cache), false)
 7 SYSTEMPATH\Boot.php(363): CodeIgniter\CodeIgniter->run()
 8 SYSTEMPATH\Boot.php(68): CodeIgniter\Boot::runCodeIgniter(Object(CodeIgniter\CodeIgniter))
 9 FCPATH\index.php(59): CodeIgniter\Boot::bootWeb(Object(Config\Paths))
CRITICAL - 2025-11-17 04:44:47 --> CodeIgniter\View\Exceptions\ViewException: Invalid file: "dashboard/analytics/dispositivos.php"
[Method: GET, Route: superadmin/analytics/dispositivos]
in SYSTEMPATH\Exceptions\FrameworkException.php on line 39.
 1 SYSTEMPATH\View\View.php(214): CodeIgniter\Exceptions\FrameworkException::forInvalidFile('dashboard/analytics/dispositivos.php')
 2 SYSTEMPATH\Common.php(1167): CodeIgniter\View\View->render('dashboard/analytics/dispositivos', [], true)
 3 APPPATH\Controllers\Analytics.php(67): view('dashboard/analytics/dispositivos', [...])
 4 SYSTEMPATH\CodeIgniter.php(933): App\Controllers\Analytics->dispositivos()
 5 SYSTEMPATH\CodeIgniter.php(507): CodeIgniter\CodeIgniter->runController(Object(App\Controllers\Analytics))
 6 SYSTEMPATH\CodeIgniter.php(354): CodeIgniter\CodeIgniter->handleRequest(null, Object(Config\Cache), false)
 7 SYSTEMPATH\Boot.php(363): CodeIgniter\CodeIgniter->run()
 8 SYSTEMPATH\Boot.php(68): CodeIgniter\Boot::runCodeIgniter(Object(CodeIgniter\CodeIgniter))
 9 FCPATH\index.php(59): CodeIgniter\Boot::bootWeb(Object(Config\Paths))
ERROR - 2025-11-17 05:22:08 --> mysqli_sql_exception: Table 'comeya.campanas' doesn't exist in C:\xampp\htdocs\comeya\system\Database\MySQLi\Connection.php:327
Stack trace:
#0 C:\xampp\htdocs\comeya\system\Database\MySQLi\Connection.php(327): mysqli->query('SELECT COUNT(*)...', 0)
#1 C:\xampp\htdocs\comeya\system\Database\BaseConnection.php(729): CodeIgniter\Database\MySQLi\Connection->execute('SELECT COUNT(*)...')
#2 C:\xampp\htdocs\comeya\system\Database\BaseConnection.php(646): CodeIgniter\Database\BaseConnection->simpleQuery('SELECT COUNT(*)...')
#3 C:\xampp\htdocs\comeya\system\Database\BaseBuilder.php(1678): CodeIgniter\Database\BaseConnection->query('SELECT COUNT(*)...', NULL, false)
#4 C:\xampp\htdocs\comeya\system\Model.php(925): CodeIgniter\Database\BaseBuilder->countAll()
#5 C:\xampp\htdocs\comeya\app\Controllers\Marketing.php(28): CodeIgniter\Model->__call('countAll', Array)
#6 C:\xampp\htdocs\comeya\system\CodeIgniter.php(933): App\Controllers\Marketing->index()
#7 C:\xampp\htdocs\comeya\system\CodeIgniter.php(507): CodeIgniter\CodeIgniter->runController(Object(App\Controllers\Marketing))
#8 C:\xampp\htdocs\comeya\system\CodeIgniter.php(354): CodeIgniter\CodeIgniter->handleRequest(NULL, Object(Config\Cache), false)
#9 C:\xampp\htdocs\comeya\system\Boot.php(363): CodeIgniter\CodeIgniter->run()
#10 C:\xampp\htdocs\comeya\system\Boot.php(68): CodeIgniter\Boot::runCodeIgniter(Object(CodeIgniter\CodeIgniter))
#11 C:\xampp\htdocs\comeya\public\index.php(59): CodeIgniter\Boot::bootWeb(Object(Config\Paths))
#12 {main}
CRITICAL - 2025-11-17 05:22:08 --> CodeIgniter\Database\Exceptions\DatabaseException: Table 'comeya.campanas' doesn't exist
[Method: GET, Route: superadmin/marketing]
in SYSTEMPATH\Database\BaseConnection.php on line 684.
 1 SYSTEMPATH\Database\BaseBuilder.php(1678): CodeIgniter\Database\BaseConnection->query('SELECT COUNT(*) AS `numrows` FROM `campanas`', null, false)
 2 SYSTEMPATH\Model.php(925): CodeIgniter\Database\BaseBuilder->countAll()
 3 APPPATH\Controllers\Marketing.php(28): CodeIgniter\Model->__call('countAll', [])
 4 SYSTEMPATH\CodeIgniter.php(933): App\Controllers\Marketing->index()
 5 SYSTEMPATH\CodeIgniter.php(507): CodeIgniter\CodeIgniter->runController(Object(App\Controllers\Marketing))
 6 SYSTEMPATH\CodeIgniter.php(354): CodeIgniter\CodeIgniter->handleRequest(null, Object(Config\Cache), false)
 7 SYSTEMPATH\Boot.php(363): CodeIgniter\CodeIgniter->run()
 8 SYSTEMPATH\Boot.php(68): CodeIgniter\Boot::runCodeIgniter(Object(CodeIgniter\CodeIgniter))
 9 FCPATH\index.php(59): CodeIgniter\Boot::bootWeb(Object(Config\Paths))
CRITICAL - 2025-11-17 05:22:08 --> [Caused by] CodeIgniter\Database\Exceptions\DatabaseException: Table 'comeya.campanas' doesn't exist
in SYSTEMPATH\Database\MySQLi\Connection.php on line 332.
 1 SYSTEMPATH\Database\BaseConnection.php(729): CodeIgniter\Database\MySQLi\Connection->execute('SELECT COUNT(*) AS `numrows` FROM `campanas`')
 2 SYSTEMPATH\Database\BaseConnection.php(646): CodeIgniter\Database\BaseConnection->simpleQuery('SELECT COUNT(*) AS `numrows` FROM `campanas`')
 3 SYSTEMPATH\Database\BaseBuilder.php(1678): CodeIgniter\Database\BaseConnection->query('SELECT COUNT(*) AS `numrows` FROM `campanas`', null, false)
 4 SYSTEMPATH\Model.php(925): CodeIgniter\Database\BaseBuilder->countAll()
 5 APPPATH\Controllers\Marketing.php(28): CodeIgniter\Model->__call('countAll', [])
 6 SYSTEMPATH\CodeIgniter.php(933): App\Controllers\Marketing->index()
 7 SYSTEMPATH\CodeIgniter.php(507): CodeIgniter\CodeIgniter->runController(Object(App\Controllers\Marketing))
 8 SYSTEMPATH\CodeIgniter.php(354): CodeIgniter\CodeIgniter->handleRequest(null, Object(Config\Cache), false)
 9 SYSTEMPATH\Boot.php(363): CodeIgniter\CodeIgniter->run()
10 SYSTEMPATH\Boot.php(68): CodeIgniter\Boot::runCodeIgniter(Object(CodeIgniter\CodeIgniter))
11 FCPATH\index.php(59): CodeIgniter\Boot::bootWeb(Object(Config\Paths))
CRITICAL - 2025-11-17 05:22:08 --> [Caused by] mysqli_sql_exception: Table 'comeya.campanas' doesn't exist
in SYSTEMPATH\Database\MySQLi\Connection.php on line 327.
 1 SYSTEMPATH\Database\MySQLi\Connection.php(327): mysqli->query('SELECT COUNT(*) AS `numrows` FROM `campanas`', 0)
 2 SYSTEMPATH\Database\BaseConnection.php(729): CodeIgniter\Database\MySQLi\Connection->execute('SELECT COUNT(*) AS `numrows` FROM `campanas`')
 3 SYSTEMPATH\Database\BaseConnection.php(646): CodeIgniter\Database\BaseConnection->simpleQuery('SELECT COUNT(*) AS `numrows` FROM `campanas`')
 4 SYSTEMPATH\Database\BaseBuilder.php(1678): CodeIgniter\Database\BaseConnection->query('SELECT COUNT(*) AS `numrows` FROM `campanas`', null, false)
 5 SYSTEMPATH\Model.php(925): CodeIgniter\Database\BaseBuilder->countAll()
 6 APPPATH\Controllers\Marketing.php(28): CodeIgniter\Model->__call('countAll', [])
 7 SYSTEMPATH\CodeIgniter.php(933): App\Controllers\Marketing->index()
 8 SYSTEMPATH\CodeIgniter.php(507): CodeIgniter\CodeIgniter->runController(Object(App\Controllers\Marketing))
 9 SYSTEMPATH\CodeIgniter.php(354): CodeIgniter\CodeIgniter->handleRequest(null, Object(Config\Cache), false)
10 SYSTEMPATH\Boot.php(363): CodeIgniter\CodeIgniter->run()
11 SYSTEMPATH\Boot.php(68): CodeIgniter\Boot::runCodeIgniter(Object(CodeIgniter\CodeIgniter))
12 FCPATH\index.php(59): CodeIgniter\Boot::bootWeb(Object(Config\Paths))
ERROR - 2025-11-17 05:22:17 --> mysqli_sql_exception: Table 'comeya.promociones' doesn't exist in C:\xampp\htdocs\comeya\system\Database\MySQLi\Connection.php:327
Stack trace:
#0 C:\xampp\htdocs\comeya\system\Database\MySQLi\Connection.php(327): mysqli->query('SELECT COUNT(*)...', 0)
#1 C:\xampp\htdocs\comeya\system\Database\BaseConnection.php(729): CodeIgniter\Database\MySQLi\Connection->execute('SELECT COUNT(*)...')
#2 C:\xampp\htdocs\comeya\system\Database\BaseConnection.php(646): CodeIgniter\Database\BaseConnection->simpleQuery('SELECT COUNT(*)...')
#3 C:\xampp\htdocs\comeya\system\Database\BaseBuilder.php(1733): CodeIgniter\Database\BaseConnection->query('SELECT COUNT(*)...', Array, false)
#4 C:\xampp\htdocs\comeya\system\Model.php(675): CodeIgniter\Database\BaseBuilder->countAllResults(true)
#5 C:\xampp\htdocs\comeya\app\Controllers\Publicidad.php(28): CodeIgniter\Model->countAllResults()
#6 C:\xampp\htdocs\comeya\system\CodeIgniter.php(933): App\Controllers\Publicidad->index()
#7 C:\xampp\htdocs\comeya\system\CodeIgniter.php(507): CodeIgniter\CodeIgniter->runController(Object(App\Controllers\Publicidad))
#8 C:\xampp\htdocs\comeya\system\CodeIgniter.php(354): CodeIgniter\CodeIgniter->handleRequest(NULL, Object(Config\Cache), false)
#9 C:\xampp\htdocs\comeya\system\Boot.php(363): CodeIgniter\CodeIgniter->run()
#10 C:\xampp\htdocs\comeya\system\Boot.php(68): CodeIgniter\Boot::runCodeIgniter(Object(CodeIgniter\CodeIgniter))
#11 C:\xampp\htdocs\comeya\public\index.php(59): CodeIgniter\Boot::bootWeb(Object(Config\Paths))
#12 {main}
CRITICAL - 2025-11-17 05:22:17 --> CodeIgniter\Database\Exceptions\DatabaseException: Table 'comeya.promociones' doesn't exist
[Method: GET, Route: superadmin/publicidad]
in SYSTEMPATH\Database\BaseConnection.php on line 684.
 1 SYSTEMPATH\Database\BaseBuilder.php(1733): CodeIgniter\Database\BaseConnection->query('SELECT COUNT(*) AS `numrows`
FROM `promociones`
WHERE `activo` = :activo:', [...], false)
 2 SYSTEMPATH\Model.php(675): CodeIgniter\Database\BaseBuilder->countAllResults(true)
 3 APPPATH\Controllers\Publicidad.php(28): CodeIgniter\Model->countAllResults()
 4 SYSTEMPATH\CodeIgniter.php(933): App\Controllers\Publicidad->index()
 5 SYSTEMPATH\CodeIgniter.php(507): CodeIgniter\CodeIgniter->runController(Object(App\Controllers\Publicidad))
 6 SYSTEMPATH\CodeIgniter.php(354): CodeIgniter\CodeIgniter->handleRequest(null, Object(Config\Cache), false)
 7 SYSTEMPATH\Boot.php(363): CodeIgniter\CodeIgniter->run()
 8 SYSTEMPATH\Boot.php(68): CodeIgniter\Boot::runCodeIgniter(Object(CodeIgniter\CodeIgniter))
 9 FCPATH\index.php(59): CodeIgniter\Boot::bootWeb(Object(Config\Paths))
CRITICAL - 2025-11-17 05:22:17 --> [Caused by] CodeIgniter\Database\Exceptions\DatabaseException: Table 'comeya.promociones' doesn't exist
in SYSTEMPATH\Database\MySQLi\Connection.php on line 332.
 1 SYSTEMPATH\Database\BaseConnection.php(729): CodeIgniter\Database\MySQLi\Connection->execute('SELECT COUNT(*) AS `numrows`
FROM `promociones`
WHERE `activo` = 1')
 2 SYSTEMPATH\Database\BaseConnection.php(646): CodeIgniter\Database\BaseConnection->simpleQuery('SELECT COUNT(*) AS `numrows`
FROM `promociones`
WHERE `activo` = 1')
 3 SYSTEMPATH\Database\BaseBuilder.php(1733): CodeIgniter\Database\BaseConnection->query('SELECT COUNT(*) AS `numrows`
FROM `promociones`
WHERE `activo` = :activo:', [...], false)
 4 SYSTEMPATH\Model.php(675): CodeIgniter\Database\BaseBuilder->countAllResults(true)
 5 APPPATH\Controllers\Publicidad.php(28): CodeIgniter\Model->countAllResults()
 6 SYSTEMPATH\CodeIgniter.php(933): App\Controllers\Publicidad->index()
 7 SYSTEMPATH\CodeIgniter.php(507): CodeIgniter\CodeIgniter->runController(Object(App\Controllers\Publicidad))
 8 SYSTEMPATH\CodeIgniter.php(354): CodeIgniter\CodeIgniter->handleRequest(null, Object(Config\Cache), false)
 9 SYSTEMPATH\Boot.php(363): CodeIgniter\CodeIgniter->run()
10 SYSTEMPATH\Boot.php(68): CodeIgniter\Boot::runCodeIgniter(Object(CodeIgniter\CodeIgniter))
11 FCPATH\index.php(59): CodeIgniter\Boot::bootWeb(Object(Config\Paths))
CRITICAL - 2025-11-17 05:22:17 --> [Caused by] mysqli_sql_exception: Table 'comeya.promociones' doesn't exist
in SYSTEMPATH\Database\MySQLi\Connection.php on line 327.
 1 SYSTEMPATH\Database\MySQLi\Connection.php(327): mysqli->query('SELECT COUNT(*) AS `numrows`
FROM `promociones`
WHERE `activo` = 1', 0)
 2 SYSTEMPATH\Database\BaseConnection.php(729): CodeIgniter\Database\MySQLi\Connection->execute('SELECT COUNT(*) AS `numrows`
FROM `promociones`
WHERE `activo` = 1')
 3 SYSTEMPATH\Database\BaseConnection.php(646): CodeIgniter\Database\BaseConnection->simpleQuery('SELECT COUNT(*) AS `numrows`
FROM `promociones`
WHERE `activo` = 1')
 4 SYSTEMPATH\Database\BaseBuilder.php(1733): CodeIgniter\Database\BaseConnection->query('SELECT COUNT(*) AS `numrows`
FROM `promociones`
WHERE `activo` = :activo:', [...], false)
 5 SYSTEMPATH\Model.php(675): CodeIgniter\Database\BaseBuilder->countAllResults(true)
 6 APPPATH\Controllers\Publicidad.php(28): CodeIgniter\Model->countAllResults()
 7 SYSTEMPATH\CodeIgniter.php(933): App\Controllers\Publicidad->index()
 8 SYSTEMPATH\CodeIgniter.php(507): CodeIgniter\CodeIgniter->runController(Object(App\Controllers\Publicidad))
 9 SYSTEMPATH\CodeIgniter.php(354): CodeIgniter\CodeIgniter->handleRequest(null, Object(Config\Cache), false)
10 SYSTEMPATH\Boot.php(363): CodeIgniter\CodeIgniter->run()
11 SYSTEMPATH\Boot.php(68): CodeIgniter\Boot::runCodeIgniter(Object(CodeIgniter\CodeIgniter))
12 FCPATH\index.php(59): CodeIgniter\Boot::bootWeb(Object(Config\Paths))
CRITICAL - 2025-11-17 05:26:12 --> CodeIgniter\View\Exceptions\ViewException: Invalid file: "dashboard/publicidad/promociones.php"
[Method: GET, Route: superadmin/publicidad/promociones]
in SYSTEMPATH\Exceptions\FrameworkException.php on line 39.
 1 SYSTEMPATH\View\View.php(214): CodeIgniter\Exceptions\FrameworkException::forInvalidFile('dashboard/publicidad/promociones.php')
 2 SYSTEMPATH\Common.php(1167): CodeIgniter\View\View->render('dashboard/publicidad/promociones', [], true)
 3 APPPATH\Controllers\Publicidad.php(45): view('dashboard/publicidad/promociones', [...])
 4 SYSTEMPATH\CodeIgniter.php(933): App\Controllers\Publicidad->promociones()
 5 SYSTEMPATH\CodeIgniter.php(507): CodeIgniter\CodeIgniter->runController(Object(App\Controllers\Publicidad))
 6 SYSTEMPATH\CodeIgniter.php(354): CodeIgniter\CodeIgniter->handleRequest(null, Object(Config\Cache), false)
 7 SYSTEMPATH\Boot.php(363): CodeIgniter\CodeIgniter->run()
 8 SYSTEMPATH\Boot.php(68): CodeIgniter\Boot::runCodeIgniter(Object(CodeIgniter\CodeIgniter))
 9 FCPATH\index.php(59): CodeIgniter\Boot::bootWeb(Object(Config\Paths))
CRITICAL - 2025-11-17 05:26:31 --> CodeIgniter\View\Exceptions\ViewException: Invalid file: "dashboard/publicidad/banners.php"
[Method: GET, Route: superadmin/publicidad/banners]
in SYSTEMPATH\Exceptions\FrameworkException.php on line 39.
 1 SYSTEMPATH\View\View.php(214): CodeIgniter\Exceptions\FrameworkException::forInvalidFile('dashboard/publicidad/banners.php')
 2 SYSTEMPATH\Common.php(1167): CodeIgniter\View\View->render('dashboard/publicidad/banners', [], true)
 3 APPPATH\Controllers\Publicidad.php(76): view('dashboard/publicidad/banners', [...])
 4 SYSTEMPATH\CodeIgniter.php(933): App\Controllers\Publicidad->banners()
 5 SYSTEMPATH\CodeIgniter.php(507): CodeIgniter\CodeIgniter->runController(Object(App\Controllers\Publicidad))
 6 SYSTEMPATH\CodeIgniter.php(354): CodeIgniter\CodeIgniter->handleRequest(null, Object(Config\Cache), false)
 7 SYSTEMPATH\Boot.php(363): CodeIgniter\CodeIgniter->run()
 8 SYSTEMPATH\Boot.php(68): CodeIgniter\Boot::runCodeIgniter(Object(CodeIgniter\CodeIgniter))
 9 FCPATH\index.php(59): CodeIgniter\Boot::bootWeb(Object(Config\Paths))
CRITICAL - 2025-11-17 05:26:37 --> CodeIgniter\View\Exceptions\ViewException: Invalid file: "dashboard/publicidad/destacados.php"
[Method: GET, Route: superadmin/publicidad/destacados]
in SYSTEMPATH\Exceptions\FrameworkException.php on line 39.
 1 SYSTEMPATH\View\View.php(214): CodeIgniter\Exceptions\FrameworkException::forInvalidFile('dashboard/publicidad/destacados.php')
 2 SYSTEMPATH\Common.php(1167): CodeIgniter\View\View->render('dashboard/publicidad/destacados', [], true)
 3 APPPATH\Controllers\Publicidad.php(131): view('dashboard/publicidad/destacados', [...])
 4 SYSTEMPATH\CodeIgniter.php(933): App\Controllers\Publicidad->destacados()
 5 SYSTEMPATH\CodeIgniter.php(507): CodeIgniter\CodeIgniter->runController(Object(App\Controllers\Publicidad))
 6 SYSTEMPATH\CodeIgniter.php(354): CodeIgniter\CodeIgniter->handleRequest(null, Object(Config\Cache), false)
 7 SYSTEMPATH\Boot.php(363): CodeIgniter\CodeIgniter->run()
 8 SYSTEMPATH\Boot.php(68): CodeIgniter\Boot::runCodeIgniter(Object(CodeIgniter\CodeIgniter))
 9 FCPATH\index.php(59): CodeIgniter\Boot::bootWeb(Object(Config\Paths))
CRITICAL - 2025-11-17 05:29:57 --> CodeIgniter\Database\Exceptions\DataException: There is no data to update.
[Method: POST, Route: superadmin/publicidad/toggle-destacado/4]
in SYSTEMPATH\BaseModel.php on line 1008.
 1 SYSTEMPATH\BaseModel.php(1008): CodeIgniter\Database\Exceptions\DataException::forEmptyDataset('update')
 2 SYSTEMPATH\Model.php(860): CodeIgniter\BaseModel->update([...], [])
 3 APPPATH\Controllers\Publicidad.php(138): CodeIgniter\Model->update('4', [...])
 4 SYSTEMPATH\CodeIgniter.php(933): App\Controllers\Publicidad->toggleDestacado('4')
 5 SYSTEMPATH\CodeIgniter.php(507): CodeIgniter\CodeIgniter->runController(Object(App\Controllers\Publicidad))
 6 SYSTEMPATH\CodeIgniter.php(354): CodeIgniter\CodeIgniter->handleRequest(null, Object(Config\Cache), false)
 7 SYSTEMPATH\Boot.php(363): CodeIgniter\CodeIgniter->run()
 8 SYSTEMPATH\Boot.php(68): CodeIgniter\Boot::runCodeIgniter(Object(CodeIgniter\CodeIgniter))
 9 FCPATH\index.php(59): CodeIgniter\Boot::bootWeb(Object(Config\Paths))
CRITICAL - 2025-11-17 05:30:00 --> CodeIgniter\Database\Exceptions\DataException: There is no data to update.
[Method: POST, Route: superadmin/publicidad/toggle-destacado/4]
in SYSTEMPATH\BaseModel.php on line 1008.
 1 SYSTEMPATH\BaseModel.php(1008): CodeIgniter\Database\Exceptions\DataException::forEmptyDataset('update')
 2 SYSTEMPATH\Model.php(860): CodeIgniter\BaseModel->update([...], [])
 3 APPPATH\Controllers\Publicidad.php(138): CodeIgniter\Model->update('4', [...])
 4 SYSTEMPATH\CodeIgniter.php(933): App\Controllers\Publicidad->toggleDestacado('4')
 5 SYSTEMPATH\CodeIgniter.php(507): CodeIgniter\CodeIgniter->runController(Object(App\Controllers\Publicidad))
 6 SYSTEMPATH\CodeIgniter.php(354): CodeIgniter\CodeIgniter->handleRequest(null, Object(Config\Cache), false)
 7 SYSTEMPATH\Boot.php(363): CodeIgniter\CodeIgniter->run()
 8 SYSTEMPATH\Boot.php(68): CodeIgniter\Boot::runCodeIgniter(Object(CodeIgniter\CodeIgniter))
 9 FCPATH\index.php(59): CodeIgniter\Boot::bootWeb(Object(Config\Paths))
ERROR - 2025-11-17 05:30:19 --> mysqli_sql_exception: Illegal mix of collations (utf8mb4_unicode_ci,IMPLICIT) and (utf8mb4_general_ci,IMPLICIT) for operation '=' in C:\xampp\htdocs\comeya\system\Database\MySQLi\Connection.php:327
Stack trace:
#0 C:\xampp\htdocs\comeya\system\Database\MySQLi\Connection.php(327): mysqli->query('SELECT `codigos...', 0)
#1 C:\xampp\htdocs\comeya\system\Database\BaseConnection.php(729): CodeIgniter\Database\MySQLi\Connection->execute('SELECT `codigos...')
#2 C:\xampp\htdocs\comeya\system\Database\BaseConnection.php(646): CodeIgniter\Database\BaseConnection->simpleQuery('SELECT `codigos...')
#3 C:\xampp\htdocs\comeya\system\Database\BaseBuilder.php(1649): CodeIgniter\Database\BaseConnection->query('SELECT `codigos...', Array, false)
#4 C:\xampp\htdocs\comeya\system\Model.php(286): CodeIgniter\Database\BaseBuilder->get()
#5 C:\xampp\htdocs\comeya\system\BaseModel.php(677): CodeIgniter\Model->doFindAll(0, 0)
#6 C:\xampp\htdocs\comeya\app\Controllers\Marketing.php(85): CodeIgniter\BaseModel->findAll()
#7 C:\xampp\htdocs\comeya\system\CodeIgniter.php(933): App\Controllers\Marketing->referidos()
#8 C:\xampp\htdocs\comeya\system\CodeIgniter.php(507): CodeIgniter\CodeIgniter->runController(Object(App\Controllers\Marketing))
#9 C:\xampp\htdocs\comeya\system\CodeIgniter.php(354): CodeIgniter\CodeIgniter->handleRequest(NULL, Object(Config\Cache), false)
#10 C:\xampp\htdocs\comeya\system\Boot.php(363): CodeIgniter\CodeIgniter->run()
#11 C:\xampp\htdocs\comeya\system\Boot.php(68): CodeIgniter\Boot::runCodeIgniter(Object(CodeIgniter\CodeIgniter))
#12 C:\xampp\htdocs\comeya\public\index.php(59): CodeIgniter\Boot::bootWeb(Object(Config\Paths))
#13 {main}
CRITICAL - 2025-11-17 05:30:19 --> CodeIgniter\Database\Exceptions\DatabaseException: Illegal mix of collations (utf8mb4_unicode_ci,IMPLICIT) and (utf8mb4_general_ci,IMPLICIT) for operation '='
[Method: GET, Route: superadmin/marketing/referidos]
in SYSTEMPATH\Database\BaseConnection.php on line 684.
 1 SYSTEMPATH\Database\BaseBuilder.php(1649): CodeIgniter\Database\BaseConnection->query('SELECT `codigos_referidos`.*, COUNT(empresas.id) as usos
FROM `codigos_referidos`
LEFT JOIN `empresas` ON `empresas`.`codigo_referido` = `codigos_referidos`.`codigo`
GROUP BY `codigos_referidos`.`id`', [], false)
 2 SYSTEMPATH\Model.php(286): CodeIgniter\Database\BaseBuilder->get()
 3 SYSTEMPATH\BaseModel.php(677): CodeIgniter\Model->doFindAll(0, 0)
 4 APPPATH\Controllers\Marketing.php(85): CodeIgniter\BaseModel->findAll()
 5 SYSTEMPATH\CodeIgniter.php(933): App\Controllers\Marketing->referidos()
 6 SYSTEMPATH\CodeIgniter.php(507): CodeIgniter\CodeIgniter->runController(Object(App\Controllers\Marketing))
 7 SYSTEMPATH\CodeIgniter.php(354): CodeIgniter\CodeIgniter->handleRequest(null, Object(Config\Cache), false)
 8 SYSTEMPATH\Boot.php(363): CodeIgniter\CodeIgniter->run()
 9 SYSTEMPATH\Boot.php(68): CodeIgniter\Boot::runCodeIgniter(Object(CodeIgniter\CodeIgniter))
10 FCPATH\index.php(59): CodeIgniter\Boot::bootWeb(Object(Config\Paths))
CRITICAL - 2025-11-17 05:30:19 --> [Caused by] CodeIgniter\Database\Exceptions\DatabaseException: Illegal mix of collations (utf8mb4_unicode_ci,IMPLICIT) and (utf8mb4_general_ci,IMPLICIT) for operation '='
in SYSTEMPATH\Database\MySQLi\Connection.php on line 332.
 1 SYSTEMPATH\Database\BaseConnection.php(729): CodeIgniter\Database\MySQLi\Connection->execute('SELECT `codigos_referidos`.*, COUNT(empresas.id) as usos
FROM `codigos_referidos`
LEFT JOIN `empresas` ON `empresas`.`codigo_referido` = `codigos_referidos`.`codigo`
GROUP BY `codigos_referidos`.`id`')
 2 SYSTEMPATH\Database\BaseConnection.php(646): CodeIgniter\Database\BaseConnection->simpleQuery('SELECT `codigos_referidos`.*, COUNT(empresas.id) as usos
FROM `codigos_referidos`
LEFT JOIN `empresas` ON `empresas`.`codigo_referido` = `codigos_referidos`.`codigo`
GROUP BY `codigos_referidos`.`id`')
 3 SYSTEMPATH\Database\BaseBuilder.php(1649): CodeIgniter\Database\BaseConnection->query('SELECT `codigos_referidos`.*, COUNT(empresas.id) as usos
FROM `codigos_referidos`
LEFT JOIN `empresas` ON `empresas`.`codigo_referido` = `codigos_referidos`.`codigo`
GROUP BY `codigos_referidos`.`id`', [], false)
 4 SYSTEMPATH\Model.php(286): CodeIgniter\Database\BaseBuilder->get()
 5 SYSTEMPATH\BaseModel.php(677): CodeIgniter\Model->doFindAll(0, 0)
 6 APPPATH\Controllers\Marketing.php(85): CodeIgniter\BaseModel->findAll()
 7 SYSTEMPATH\CodeIgniter.php(933): App\Controllers\Marketing->referidos()
 8 SYSTEMPATH\CodeIgniter.php(507): CodeIgniter\CodeIgniter->runController(Object(App\Controllers\Marketing))
 9 SYSTEMPATH\CodeIgniter.php(354): CodeIgniter\CodeIgniter->handleRequest(null, Object(Config\Cache), false)
10 SYSTEMPATH\Boot.php(363): CodeIgniter\CodeIgniter->run()
11 SYSTEMPATH\Boot.php(68): CodeIgniter\Boot::runCodeIgniter(Object(CodeIgniter\CodeIgniter))
12 FCPATH\index.php(59): CodeIgniter\Boot::bootWeb(Object(Config\Paths))
CRITICAL - 2025-11-17 05:30:19 --> [Caused by] mysqli_sql_exception: Illegal mix of collations (utf8mb4_unicode_ci,IMPLICIT) and (utf8mb4_general_ci,IMPLICIT) for operation '='
in SYSTEMPATH\Database\MySQLi\Connection.php on line 327.
 1 SYSTEMPATH\Database\MySQLi\Connection.php(327): mysqli->query('SELECT `codigos_referidos`.*, COUNT(empresas.id) as usos
FROM `codigos_referidos`
LEFT JOIN `empresas` ON `empresas`.`codigo_referido` = `codigos_referidos`.`codigo`
GROUP BY `codigos_referidos`.`id`', 0)
 2 SYSTEMPATH\Database\BaseConnection.php(729): CodeIgniter\Database\MySQLi\Connection->execute('SELECT `codigos_referidos`.*, COUNT(empresas.id) as usos
FROM `codigos_referidos`
LEFT JOIN `empresas` ON `empresas`.`codigo_referido` = `codigos_referidos`.`codigo`
GROUP BY `codigos_referidos`.`id`')
 3 SYSTEMPATH\Database\BaseConnection.php(646): CodeIgniter\Database\BaseConnection->simpleQuery('SELECT `codigos_referidos`.*, COUNT(empresas.id) as usos
FROM `codigos_referidos`
LEFT JOIN `empresas` ON `empresas`.`codigo_referido` = `codigos_referidos`.`codigo`
GROUP BY `codigos_referidos`.`id`')
 4 SYSTEMPATH\Database\BaseBuilder.php(1649): CodeIgniter\Database\BaseConnection->query('SELECT `codigos_referidos`.*, COUNT(empresas.id) as usos
FROM `codigos_referidos`
LEFT JOIN `empresas` ON `empresas`.`codigo_referido` = `codigos_referidos`.`codigo`
GROUP BY `codigos_referidos`.`id`', [], false)
 5 SYSTEMPATH\Model.php(286): CodeIgniter\Database\BaseBuilder->get()
 6 SYSTEMPATH\BaseModel.php(677): CodeIgniter\Model->doFindAll(0, 0)
 7 APPPATH\Controllers\Marketing.php(85): CodeIgniter\BaseModel->findAll()
 8 SYSTEMPATH\CodeIgniter.php(933): App\Controllers\Marketing->referidos()
 9 SYSTEMPATH\CodeIgniter.php(507): CodeIgniter\CodeIgniter->runController(Object(App\Controllers\Marketing))
10 SYSTEMPATH\CodeIgniter.php(354): CodeIgniter\CodeIgniter->handleRequest(null, Object(Config\Cache), false)
11 SYSTEMPATH\Boot.php(363): CodeIgniter\CodeIgniter->run()
12 SYSTEMPATH\Boot.php(68): CodeIgniter\Boot::runCodeIgniter(Object(CodeIgniter\CodeIgniter))
13 FCPATH\index.php(59): CodeIgniter\Boot::bootWeb(Object(Config\Paths))
CRITICAL - 2025-11-17 05:30:22 --> CodeIgniter\View\Exceptions\ViewException: Invalid file: "dashboard/marketing/emails.php"
[Method: GET, Route: superadmin/marketing/emails]
in SYSTEMPATH\Exceptions\FrameworkException.php on line 39.
 1 SYSTEMPATH\View\View.php(214): CodeIgniter\Exceptions\FrameworkException::forInvalidFile('dashboard/marketing/emails.php')
 2 SYSTEMPATH\Common.php(1167): CodeIgniter\View\View->render('dashboard/marketing/emails', [], true)
 3 APPPATH\Controllers\Marketing.php(115): view('dashboard/marketing/emails', [...])
 4 SYSTEMPATH\CodeIgniter.php(933): App\Controllers\Marketing->emails()
 5 SYSTEMPATH\CodeIgniter.php(507): CodeIgniter\CodeIgniter->runController(Object(App\Controllers\Marketing))
 6 SYSTEMPATH\CodeIgniter.php(354): CodeIgniter\CodeIgniter->handleRequest(null, Object(Config\Cache), false)
 7 SYSTEMPATH\Boot.php(363): CodeIgniter\CodeIgniter->run()
 8 SYSTEMPATH\Boot.php(68): CodeIgniter\Boot::runCodeIgniter(Object(CodeIgniter\CodeIgniter))
 9 FCPATH\index.php(59): CodeIgniter\Boot::bootWeb(Object(Config\Paths))
ERROR - 2025-11-17 05:31:19 --> mysqli_sql_exception: Illegal mix of collations (utf8mb4_unicode_ci,IMPLICIT) and (utf8mb4_general_ci,IMPLICIT) for operation '=' in C:\xampp\htdocs\comeya\system\Database\MySQLi\Connection.php:327
Stack trace:
#0 C:\xampp\htdocs\comeya\system\Database\MySQLi\Connection.php(327): mysqli->query('SELECT `codigos...', 0)
#1 C:\xampp\htdocs\comeya\system\Database\BaseConnection.php(729): CodeIgniter\Database\MySQLi\Connection->execute('SELECT `codigos...')
#2 C:\xampp\htdocs\comeya\system\Database\BaseConnection.php(646): CodeIgniter\Database\BaseConnection->simpleQuery('SELECT `codigos...')
#3 C:\xampp\htdocs\comeya\system\Database\BaseBuilder.php(1649): CodeIgniter\Database\BaseConnection->query('SELECT `codigos...', Array, false)
#4 C:\xampp\htdocs\comeya\system\Model.php(286): CodeIgniter\Database\BaseBuilder->get()
#5 C:\xampp\htdocs\comeya\system\BaseModel.php(677): CodeIgniter\Model->doFindAll(0, 0)
#6 C:\xampp\htdocs\comeya\app\Controllers\Marketing.php(85): CodeIgniter\BaseModel->findAll()
#7 C:\xampp\htdocs\comeya\system\CodeIgniter.php(933): App\Controllers\Marketing->referidos()
#8 C:\xampp\htdocs\comeya\system\CodeIgniter.php(507): CodeIgniter\CodeIgniter->runController(Object(App\Controllers\Marketing))
#9 C:\xampp\htdocs\comeya\system\CodeIgniter.php(354): CodeIgniter\CodeIgniter->handleRequest(NULL, Object(Config\Cache), false)
#10 C:\xampp\htdocs\comeya\system\Boot.php(363): CodeIgniter\CodeIgniter->run()
#11 C:\xampp\htdocs\comeya\system\Boot.php(68): CodeIgniter\Boot::runCodeIgniter(Object(CodeIgniter\CodeIgniter))
#12 C:\xampp\htdocs\comeya\public\index.php(59): CodeIgniter\Boot::bootWeb(Object(Config\Paths))
#13 {main}
CRITICAL - 2025-11-17 05:31:19 --> CodeIgniter\Database\Exceptions\DatabaseException: Illegal mix of collations (utf8mb4_unicode_ci,IMPLICIT) and (utf8mb4_general_ci,IMPLICIT) for operation '='
[Method: GET, Route: superadmin/marketing/referidos]
in SYSTEMPATH\Database\BaseConnection.php on line 684.
 1 SYSTEMPATH\Database\BaseBuilder.php(1649): CodeIgniter\Database\BaseConnection->query('SELECT `codigos_referidos`.*, COUNT(empresas.id) as usos
FROM `codigos_referidos`
LEFT JOIN `empresas` ON `empresas`.`codigo_referido` = `codigos_referidos`.`codigo`
GROUP BY `codigos_referidos`.`id`', [], false)
 2 SYSTEMPATH\Model.php(286): CodeIgniter\Database\BaseBuilder->get()
 3 SYSTEMPATH\BaseModel.php(677): CodeIgniter\Model->doFindAll(0, 0)
 4 APPPATH\Controllers\Marketing.php(85): CodeIgniter\BaseModel->findAll()
 5 SYSTEMPATH\CodeIgniter.php(933): App\Controllers\Marketing->referidos()
 6 SYSTEMPATH\CodeIgniter.php(507): CodeIgniter\CodeIgniter->runController(Object(App\Controllers\Marketing))
 7 SYSTEMPATH\CodeIgniter.php(354): CodeIgniter\CodeIgniter->handleRequest(null, Object(Config\Cache), false)
 8 SYSTEMPATH\Boot.php(363): CodeIgniter\CodeIgniter->run()
 9 SYSTEMPATH\Boot.php(68): CodeIgniter\Boot::runCodeIgniter(Object(CodeIgniter\CodeIgniter))
10 FCPATH\index.php(59): CodeIgniter\Boot::bootWeb(Object(Config\Paths))
CRITICAL - 2025-11-17 05:31:19 --> [Caused by] CodeIgniter\Database\Exceptions\DatabaseException: Illegal mix of collations (utf8mb4_unicode_ci,IMPLICIT) and (utf8mb4_general_ci,IMPLICIT) for operation '='
in SYSTEMPATH\Database\MySQLi\Connection.php on line 332.
 1 SYSTEMPATH\Database\BaseConnection.php(729): CodeIgniter\Database\MySQLi\Connection->execute('SELECT `codigos_referidos`.*, COUNT(empresas.id) as usos
FROM `codigos_referidos`
LEFT JOIN `empresas` ON `empresas`.`codigo_referido` = `codigos_referidos`.`codigo`
GROUP BY `codigos_referidos`.`id`')
 2 SYSTEMPATH\Database\BaseConnection.php(646): CodeIgniter\Database\BaseConnection->simpleQuery('SELECT `codigos_referidos`.*, COUNT(empresas.id) as usos
FROM `codigos_referidos`
LEFT JOIN `empresas` ON `empresas`.`codigo_referido` = `codigos_referidos`.`codigo`
GROUP BY `codigos_referidos`.`id`')
 3 SYSTEMPATH\Database\BaseBuilder.php(1649): CodeIgniter\Database\BaseConnection->query('SELECT `codigos_referidos`.*, COUNT(empresas.id) as usos
FROM `codigos_referidos`
LEFT JOIN `empresas` ON `empresas`.`codigo_referido` = `codigos_referidos`.`codigo`
GROUP BY `codigos_referidos`.`id`', [], false)
 4 SYSTEMPATH\Model.php(286): CodeIgniter\Database\BaseBuilder->get()
 5 SYSTEMPATH\BaseModel.php(677): CodeIgniter\Model->doFindAll(0, 0)
 6 APPPATH\Controllers\Marketing.php(85): CodeIgniter\BaseModel->findAll()
 7 SYSTEMPATH\CodeIgniter.php(933): App\Controllers\Marketing->referidos()
 8 SYSTEMPATH\CodeIgniter.php(507): CodeIgniter\CodeIgniter->runController(Object(App\Controllers\Marketing))
 9 SYSTEMPATH\CodeIgniter.php(354): CodeIgniter\CodeIgniter->handleRequest(null, Object(Config\Cache), false)
10 SYSTEMPATH\Boot.php(363): CodeIgniter\CodeIgniter->run()
11 SYSTEMPATH\Boot.php(68): CodeIgniter\Boot::runCodeIgniter(Object(CodeIgniter\CodeIgniter))
12 FCPATH\index.php(59): CodeIgniter\Boot::bootWeb(Object(Config\Paths))
CRITICAL - 2025-11-17 05:31:19 --> [Caused by] mysqli_sql_exception: Illegal mix of collations (utf8mb4_unicode_ci,IMPLICIT) and (utf8mb4_general_ci,IMPLICIT) for operation '='
in SYSTEMPATH\Database\MySQLi\Connection.php on line 327.
 1 SYSTEMPATH\Database\MySQLi\Connection.php(327): mysqli->query('SELECT `codigos_referidos`.*, COUNT(empresas.id) as usos
FROM `codigos_referidos`
LEFT JOIN `empresas` ON `empresas`.`codigo_referido` = `codigos_referidos`.`codigo`
GROUP BY `codigos_referidos`.`id`', 0)
 2 SYSTEMPATH\Database\BaseConnection.php(729): CodeIgniter\Database\MySQLi\Connection->execute('SELECT `codigos_referidos`.*, COUNT(empresas.id) as usos
FROM `codigos_referidos`
LEFT JOIN `empresas` ON `empresas`.`codigo_referido` = `codigos_referidos`.`codigo`
GROUP BY `codigos_referidos`.`id`')
 3 SYSTEMPATH\Database\BaseConnection.php(646): CodeIgniter\Database\BaseConnection->simpleQuery('SELECT `codigos_referidos`.*, COUNT(empresas.id) as usos
FROM `codigos_referidos`
LEFT JOIN `empresas` ON `empresas`.`codigo_referido` = `codigos_referidos`.`codigo`
GROUP BY `codigos_referidos`.`id`')
 4 SYSTEMPATH\Database\BaseBuilder.php(1649): CodeIgniter\Database\BaseConnection->query('SELECT `codigos_referidos`.*, COUNT(empresas.id) as usos
FROM `codigos_referidos`
LEFT JOIN `empresas` ON `empresas`.`codigo_referido` = `codigos_referidos`.`codigo`
GROUP BY `codigos_referidos`.`id`', [], false)
 5 SYSTEMPATH\Model.php(286): CodeIgniter\Database\BaseBuilder->get()
 6 SYSTEMPATH\BaseModel.php(677): CodeIgniter\Model->doFindAll(0, 0)
 7 APPPATH\Controllers\Marketing.php(85): CodeIgniter\BaseModel->findAll()
 8 SYSTEMPATH\CodeIgniter.php(933): App\Controllers\Marketing->referidos()
 9 SYSTEMPATH\CodeIgniter.php(507): CodeIgniter\CodeIgniter->runController(Object(App\Controllers\Marketing))
10 SYSTEMPATH\CodeIgniter.php(354): CodeIgniter\CodeIgniter->handleRequest(null, Object(Config\Cache), false)
11 SYSTEMPATH\Boot.php(363): CodeIgniter\CodeIgniter->run()
12 SYSTEMPATH\Boot.php(68): CodeIgniter\Boot::runCodeIgniter(Object(CodeIgniter\CodeIgniter))
13 FCPATH\index.php(59): CodeIgniter\Boot::bootWeb(Object(Config\Paths))
ERROR - 2025-11-17 05:32:05 --> mysqli_sql_exception: Illegal mix of collations (utf8mb4_unicode_ci,IMPLICIT) and (utf8mb4_general_ci,IMPLICIT) for operation '=' in C:\xampp\htdocs\comeya\system\Database\MySQLi\Connection.php:327
Stack trace:
#0 C:\xampp\htdocs\comeya\system\Database\MySQLi\Connection.php(327): mysqli->query('SELECT `codigos...', 0)
#1 C:\xampp\htdocs\comeya\system\Database\BaseConnection.php(729): CodeIgniter\Database\MySQLi\Connection->execute('SELECT `codigos...')
#2 C:\xampp\htdocs\comeya\system\Database\BaseConnection.php(646): CodeIgniter\Database\BaseConnection->simpleQuery('SELECT `codigos...')
#3 C:\xampp\htdocs\comeya\system\Database\BaseBuilder.php(1649): CodeIgniter\Database\BaseConnection->query('SELECT `codigos...', Array, false)
#4 C:\xampp\htdocs\comeya\system\Model.php(286): CodeIgniter\Database\BaseBuilder->get()
#5 C:\xampp\htdocs\comeya\system\BaseModel.php(677): CodeIgniter\Model->doFindAll(0, 0)
#6 C:\xampp\htdocs\comeya\app\Controllers\Marketing.php(85): CodeIgniter\BaseModel->findAll()
#7 C:\xampp\htdocs\comeya\system\CodeIgniter.php(933): App\Controllers\Marketing->referidos()
#8 C:\xampp\htdocs\comeya\system\CodeIgniter.php(507): CodeIgniter\CodeIgniter->runController(Object(App\Controllers\Marketing))
#9 C:\xampp\htdocs\comeya\system\CodeIgniter.php(354): CodeIgniter\CodeIgniter->handleRequest(NULL, Object(Config\Cache), false)
#10 C:\xampp\htdocs\comeya\system\Boot.php(363): CodeIgniter\CodeIgniter->run()
#11 C:\xampp\htdocs\comeya\system\Boot.php(68): CodeIgniter\Boot::runCodeIgniter(Object(CodeIgniter\CodeIgniter))
#12 C:\xampp\htdocs\comeya\public\index.php(59): CodeIgniter\Boot::bootWeb(Object(Config\Paths))
#13 {main}
CRITICAL - 2025-11-17 05:32:05 --> CodeIgniter\Database\Exceptions\DatabaseException: Illegal mix of collations (utf8mb4_unicode_ci,IMPLICIT) and (utf8mb4_general_ci,IMPLICIT) for operation '='
[Method: GET, Route: superadmin/marketing/referidos]
in SYSTEMPATH\Database\BaseConnection.php on line 684.
 1 SYSTEMPATH\Database\BaseBuilder.php(1649): CodeIgniter\Database\BaseConnection->query('SELECT `codigos_referidos`.*, COUNT(empresas.id) as usos
FROM `codigos_referidos`
LEFT JOIN `empresas` ON `empresas`.`codigo_referido` = `codigos_referidos`.`codigo`
GROUP BY `codigos_referidos`.`id`', [], false)
 2 SYSTEMPATH\Model.php(286): CodeIgniter\Database\BaseBuilder->get()
 3 SYSTEMPATH\BaseModel.php(677): CodeIgniter\Model->doFindAll(0, 0)
 4 APPPATH\Controllers\Marketing.php(85): CodeIgniter\BaseModel->findAll()
 5 SYSTEMPATH\CodeIgniter.php(933): App\Controllers\Marketing->referidos()
 6 SYSTEMPATH\CodeIgniter.php(507): CodeIgniter\CodeIgniter->runController(Object(App\Controllers\Marketing))
 7 SYSTEMPATH\CodeIgniter.php(354): CodeIgniter\CodeIgniter->handleRequest(null, Object(Config\Cache), false)
 8 SYSTEMPATH\Boot.php(363): CodeIgniter\CodeIgniter->run()
 9 SYSTEMPATH\Boot.php(68): CodeIgniter\Boot::runCodeIgniter(Object(CodeIgniter\CodeIgniter))
10 FCPATH\index.php(59): CodeIgniter\Boot::bootWeb(Object(Config\Paths))
CRITICAL - 2025-11-17 05:32:05 --> [Caused by] CodeIgniter\Database\Exceptions\DatabaseException: Illegal mix of collations (utf8mb4_unicode_ci,IMPLICIT) and (utf8mb4_general_ci,IMPLICIT) for operation '='
in SYSTEMPATH\Database\MySQLi\Connection.php on line 332.
 1 SYSTEMPATH\Database\BaseConnection.php(729): CodeIgniter\Database\MySQLi\Connection->execute('SELECT `codigos_referidos`.*, COUNT(empresas.id) as usos
FROM `codigos_referidos`
LEFT JOIN `empresas` ON `empresas`.`codigo_referido` = `codigos_referidos`.`codigo`
GROUP BY `codigos_referidos`.`id`')
 2 SYSTEMPATH\Database\BaseConnection.php(646): CodeIgniter\Database\BaseConnection->simpleQuery('SELECT `codigos_referidos`.*, COUNT(empresas.id) as usos
FROM `codigos_referidos`
LEFT JOIN `empresas` ON `empresas`.`codigo_referido` = `codigos_referidos`.`codigo`
GROUP BY `codigos_referidos`.`id`')
 3 SYSTEMPATH\Database\BaseBuilder.php(1649): CodeIgniter\Database\BaseConnection->query('SELECT `codigos_referidos`.*, COUNT(empresas.id) as usos
FROM `codigos_referidos`
LEFT JOIN `empresas` ON `empresas`.`codigo_referido` = `codigos_referidos`.`codigo`
GROUP BY `codigos_referidos`.`id`', [], false)
 4 SYSTEMPATH\Model.php(286): CodeIgniter\Database\BaseBuilder->get()
 5 SYSTEMPATH\BaseModel.php(677): CodeIgniter\Model->doFindAll(0, 0)
 6 APPPATH\Controllers\Marketing.php(85): CodeIgniter\BaseModel->findAll()
 7 SYSTEMPATH\CodeIgniter.php(933): App\Controllers\Marketing->referidos()
 8 SYSTEMPATH\CodeIgniter.php(507): CodeIgniter\CodeIgniter->runController(Object(App\Controllers\Marketing))
 9 SYSTEMPATH\CodeIgniter.php(354): CodeIgniter\CodeIgniter->handleRequest(null, Object(Config\Cache), false)
10 SYSTEMPATH\Boot.php(363): CodeIgniter\CodeIgniter->run()
11 SYSTEMPATH\Boot.php(68): CodeIgniter\Boot::runCodeIgniter(Object(CodeIgniter\CodeIgniter))
12 FCPATH\index.php(59): CodeIgniter\Boot::bootWeb(Object(Config\Paths))
CRITICAL - 2025-11-17 05:32:05 --> [Caused by] mysqli_sql_exception: Illegal mix of collations (utf8mb4_unicode_ci,IMPLICIT) and (utf8mb4_general_ci,IMPLICIT) for operation '='
in SYSTEMPATH\Database\MySQLi\Connection.php on line 327.
 1 SYSTEMPATH\Database\MySQLi\Connection.php(327): mysqli->query('SELECT `codigos_referidos`.*, COUNT(empresas.id) as usos
FROM `codigos_referidos`
LEFT JOIN `empresas` ON `empresas`.`codigo_referido` = `codigos_referidos`.`codigo`
GROUP BY `codigos_referidos`.`id`', 0)
 2 SYSTEMPATH\Database\BaseConnection.php(729): CodeIgniter\Database\MySQLi\Connection->execute('SELECT `codigos_referidos`.*, COUNT(empresas.id) as usos
FROM `codigos_referidos`
LEFT JOIN `empresas` ON `empresas`.`codigo_referido` = `codigos_referidos`.`codigo`
GROUP BY `codigos_referidos`.`id`')
 3 SYSTEMPATH\Database\BaseConnection.php(646): CodeIgniter\Database\BaseConnection->simpleQuery('SELECT `codigos_referidos`.*, COUNT(empresas.id) as usos
FROM `codigos_referidos`
LEFT JOIN `empresas` ON `empresas`.`codigo_referido` = `codigos_referidos`.`codigo`
GROUP BY `codigos_referidos`.`id`')
 4 SYSTEMPATH\Database\BaseBuilder.php(1649): CodeIgniter\Database\BaseConnection->query('SELECT `codigos_referidos`.*, COUNT(empresas.id) as usos
FROM `codigos_referidos`
LEFT JOIN `empresas` ON `empresas`.`codigo_referido` = `codigos_referidos`.`codigo`
GROUP BY `codigos_referidos`.`id`', [], false)
 5 SYSTEMPATH\Model.php(286): CodeIgniter\Database\BaseBuilder->get()
 6 SYSTEMPATH\BaseModel.php(677): CodeIgniter\Model->doFindAll(0, 0)
 7 APPPATH\Controllers\Marketing.php(85): CodeIgniter\BaseModel->findAll()
 8 SYSTEMPATH\CodeIgniter.php(933): App\Controllers\Marketing->referidos()
 9 SYSTEMPATH\CodeIgniter.php(507): CodeIgniter\CodeIgniter->runController(Object(App\Controllers\Marketing))
10 SYSTEMPATH\CodeIgniter.php(354): CodeIgniter\CodeIgniter->handleRequest(null, Object(Config\Cache), false)
11 SYSTEMPATH\Boot.php(363): CodeIgniter\CodeIgniter->run()
12 SYSTEMPATH\Boot.php(68): CodeIgniter\Boot::runCodeIgniter(Object(CodeIgniter\CodeIgniter))
13 FCPATH\index.php(59): CodeIgniter\Boot::bootWeb(Object(Config\Paths))
ERROR - 2025-11-17 05:33:26 --> mysqli_sql_exception: Illegal mix of collations (utf8mb4_unicode_ci,IMPLICIT) and (utf8mb4_general_ci,IMPLICIT) for operation '=' in C:\xampp\htdocs\comeya\system\Database\MySQLi\Connection.php:327
Stack trace:
#0 C:\xampp\htdocs\comeya\system\Database\MySQLi\Connection.php(327): mysqli->query('SELECT `codigos...', 0)
#1 C:\xampp\htdocs\comeya\system\Database\BaseConnection.php(729): CodeIgniter\Database\MySQLi\Connection->execute('SELECT `codigos...')
#2 C:\xampp\htdocs\comeya\system\Database\BaseConnection.php(646): CodeIgniter\Database\BaseConnection->simpleQuery('SELECT `codigos...')
#3 C:\xampp\htdocs\comeya\system\Database\BaseBuilder.php(1649): CodeIgniter\Database\BaseConnection->query('SELECT `codigos...', Array, false)
#4 C:\xampp\htdocs\comeya\system\Model.php(286): CodeIgniter\Database\BaseBuilder->get()
#5 C:\xampp\htdocs\comeya\system\BaseModel.php(677): CodeIgniter\Model->doFindAll(0, 0)
#6 C:\xampp\htdocs\comeya\app\Controllers\Marketing.php(85): CodeIgniter\BaseModel->findAll()
#7 C:\xampp\htdocs\comeya\system\CodeIgniter.php(933): App\Controllers\Marketing->referidos()
#8 C:\xampp\htdocs\comeya\system\CodeIgniter.php(507): CodeIgniter\CodeIgniter->runController(Object(App\Controllers\Marketing))
#9 C:\xampp\htdocs\comeya\system\CodeIgniter.php(354): CodeIgniter\CodeIgniter->handleRequest(NULL, Object(Config\Cache), false)
#10 C:\xampp\htdocs\comeya\system\Boot.php(363): CodeIgniter\CodeIgniter->run()
#11 C:\xampp\htdocs\comeya\system\Boot.php(68): CodeIgniter\Boot::runCodeIgniter(Object(CodeIgniter\CodeIgniter))
#12 C:\xampp\htdocs\comeya\public\index.php(59): CodeIgniter\Boot::bootWeb(Object(Config\Paths))
#13 {main}
CRITICAL - 2025-11-17 05:33:26 --> CodeIgniter\Database\Exceptions\DatabaseException: Illegal mix of collations (utf8mb4_unicode_ci,IMPLICIT) and (utf8mb4_general_ci,IMPLICIT) for operation '='
[Method: GET, Route: superadmin/marketing/referidos]
in SYSTEMPATH\Database\BaseConnection.php on line 684.
 1 SYSTEMPATH\Database\BaseBuilder.php(1649): CodeIgniter\Database\BaseConnection->query('SELECT `codigos_referidos`.*, COUNT(empresas.id) as usos
FROM `codigos_referidos`
LEFT JOIN `empresas` ON `empresas`.`codigo_referido` = `codigos_referidos`.`codigo`
GROUP BY `codigos_referidos`.`id`', [], false)
 2 SYSTEMPATH\Model.php(286): CodeIgniter\Database\BaseBuilder->get()
 3 SYSTEMPATH\BaseModel.php(677): CodeIgniter\Model->doFindAll(0, 0)
 4 APPPATH\Controllers\Marketing.php(85): CodeIgniter\BaseModel->findAll()
 5 SYSTEMPATH\CodeIgniter.php(933): App\Controllers\Marketing->referidos()
 6 SYSTEMPATH\CodeIgniter.php(507): CodeIgniter\CodeIgniter->runController(Object(App\Controllers\Marketing))
 7 SYSTEMPATH\CodeIgniter.php(354): CodeIgniter\CodeIgniter->handleRequest(null, Object(Config\Cache), false)
 8 SYSTEMPATH\Boot.php(363): CodeIgniter\CodeIgniter->run()
 9 SYSTEMPATH\Boot.php(68): CodeIgniter\Boot::runCodeIgniter(Object(CodeIgniter\CodeIgniter))
10 FCPATH\index.php(59): CodeIgniter\Boot::bootWeb(Object(Config\Paths))
CRITICAL - 2025-11-17 05:33:26 --> [Caused by] CodeIgniter\Database\Exceptions\DatabaseException: Illegal mix of collations (utf8mb4_unicode_ci,IMPLICIT) and (utf8mb4_general_ci,IMPLICIT) for operation '='
in SYSTEMPATH\Database\MySQLi\Connection.php on line 332.
 1 SYSTEMPATH\Database\BaseConnection.php(729): CodeIgniter\Database\MySQLi\Connection->execute('SELECT `codigos_referidos`.*, COUNT(empresas.id) as usos
FROM `codigos_referidos`
LEFT JOIN `empresas` ON `empresas`.`codigo_referido` = `codigos_referidos`.`codigo`
GROUP BY `codigos_referidos`.`id`')
 2 SYSTEMPATH\Database\BaseConnection.php(646): CodeIgniter\Database\BaseConnection->simpleQuery('SELECT `codigos_referidos`.*, COUNT(empresas.id) as usos
FROM `codigos_referidos`
LEFT JOIN `empresas` ON `empresas`.`codigo_referido` = `codigos_referidos`.`codigo`
GROUP BY `codigos_referidos`.`id`')
 3 SYSTEMPATH\Database\BaseBuilder.php(1649): CodeIgniter\Database\BaseConnection->query('SELECT `codigos_referidos`.*, COUNT(empresas.id) as usos
FROM `codigos_referidos`
LEFT JOIN `empresas` ON `empresas`.`codigo_referido` = `codigos_referidos`.`codigo`
GROUP BY `codigos_referidos`.`id`', [], false)
 4 SYSTEMPATH\Model.php(286): CodeIgniter\Database\BaseBuilder->get()
 5 SYSTEMPATH\BaseModel.php(677): CodeIgniter\Model->doFindAll(0, 0)
 6 APPPATH\Controllers\Marketing.php(85): CodeIgniter\BaseModel->findAll()
 7 SYSTEMPATH\CodeIgniter.php(933): App\Controllers\Marketing->referidos()
 8 SYSTEMPATH\CodeIgniter.php(507): CodeIgniter\CodeIgniter->runController(Object(App\Controllers\Marketing))
 9 SYSTEMPATH\CodeIgniter.php(354): CodeIgniter\CodeIgniter->handleRequest(null, Object(Config\Cache), false)
10 SYSTEMPATH\Boot.php(363): CodeIgniter\CodeIgniter->run()
11 SYSTEMPATH\Boot.php(68): CodeIgniter\Boot::runCodeIgniter(Object(CodeIgniter\CodeIgniter))
12 FCPATH\index.php(59): CodeIgniter\Boot::bootWeb(Object(Config\Paths))
CRITICAL - 2025-11-17 05:33:26 --> [Caused by] mysqli_sql_exception: Illegal mix of collations (utf8mb4_unicode_ci,IMPLICIT) and (utf8mb4_general_ci,IMPLICIT) for operation '='
in SYSTEMPATH\Database\MySQLi\Connection.php on line 327.
 1 SYSTEMPATH\Database\MySQLi\Connection.php(327): mysqli->query('SELECT `codigos_referidos`.*, COUNT(empresas.id) as usos
FROM `codigos_referidos`
LEFT JOIN `empresas` ON `empresas`.`codigo_referido` = `codigos_referidos`.`codigo`
GROUP BY `codigos_referidos`.`id`', 0)
 2 SYSTEMPATH\Database\BaseConnection.php(729): CodeIgniter\Database\MySQLi\Connection->execute('SELECT `codigos_referidos`.*, COUNT(empresas.id) as usos
FROM `codigos_referidos`
LEFT JOIN `empresas` ON `empresas`.`codigo_referido` = `codigos_referidos`.`codigo`
GROUP BY `codigos_referidos`.`id`')
 3 SYSTEMPATH\Database\BaseConnection.php(646): CodeIgniter\Database\BaseConnection->simpleQuery('SELECT `codigos_referidos`.*, COUNT(empresas.id) as usos
FROM `codigos_referidos`
LEFT JOIN `empresas` ON `empresas`.`codigo_referido` = `codigos_referidos`.`codigo`
GROUP BY `codigos_referidos`.`id`')
 4 SYSTEMPATH\Database\BaseBuilder.php(1649): CodeIgniter\Database\BaseConnection->query('SELECT `codigos_referidos`.*, COUNT(empresas.id) as usos
FROM `codigos_referidos`
LEFT JOIN `empresas` ON `empresas`.`codigo_referido` = `codigos_referidos`.`codigo`
GROUP BY `codigos_referidos`.`id`', [], false)
 5 SYSTEMPATH\Model.php(286): CodeIgniter\Database\BaseBuilder->get()
 6 SYSTEMPATH\BaseModel.php(677): CodeIgniter\Model->doFindAll(0, 0)
 7 APPPATH\Controllers\Marketing.php(85): CodeIgniter\BaseModel->findAll()
 8 SYSTEMPATH\CodeIgniter.php(933): App\Controllers\Marketing->referidos()
 9 SYSTEMPATH\CodeIgniter.php(507): CodeIgniter\CodeIgniter->runController(Object(App\Controllers\Marketing))
10 SYSTEMPATH\CodeIgniter.php(354): CodeIgniter\CodeIgniter->handleRequest(null, Object(Config\Cache), false)
11 SYSTEMPATH\Boot.php(363): CodeIgniter\CodeIgniter->run()
12 SYSTEMPATH\Boot.php(68): CodeIgniter\Boot::runCodeIgniter(Object(CodeIgniter\CodeIgniter))
13 FCPATH\index.php(59): CodeIgniter\Boot::bootWeb(Object(Config\Paths))
ERROR - 2025-11-17 05:33:31 --> mysqli_sql_exception: Illegal mix of collations (utf8mb4_unicode_ci,IMPLICIT) and (utf8mb4_general_ci,IMPLICIT) for operation '=' in C:\xampp\htdocs\comeya\system\Database\MySQLi\Connection.php:327
Stack trace:
#0 C:\xampp\htdocs\comeya\system\Database\MySQLi\Connection.php(327): mysqli->query('SELECT `codigos...', 0)
#1 C:\xampp\htdocs\comeya\system\Database\BaseConnection.php(729): CodeIgniter\Database\MySQLi\Connection->execute('SELECT `codigos...')
#2 C:\xampp\htdocs\comeya\system\Database\BaseConnection.php(646): CodeIgniter\Database\BaseConnection->simpleQuery('SELECT `codigos...')
#3 C:\xampp\htdocs\comeya\system\Database\BaseBuilder.php(1649): CodeIgniter\Database\BaseConnection->query('SELECT `codigos...', Array, false)
#4 C:\xampp\htdocs\comeya\system\Model.php(286): CodeIgniter\Database\BaseBuilder->get()
#5 C:\xampp\htdocs\comeya\system\BaseModel.php(677): CodeIgniter\Model->doFindAll(0, 0)
#6 C:\xampp\htdocs\comeya\app\Controllers\Marketing.php(85): CodeIgniter\BaseModel->findAll()
#7 C:\xampp\htdocs\comeya\system\CodeIgniter.php(933): App\Controllers\Marketing->referidos()
#8 C:\xampp\htdocs\comeya\system\CodeIgniter.php(507): CodeIgniter\CodeIgniter->runController(Object(App\Controllers\Marketing))
#9 C:\xampp\htdocs\comeya\system\CodeIgniter.php(354): CodeIgniter\CodeIgniter->handleRequest(NULL, Object(Config\Cache), false)
#10 C:\xampp\htdocs\comeya\system\Boot.php(363): CodeIgniter\CodeIgniter->run()
#11 C:\xampp\htdocs\comeya\system\Boot.php(68): CodeIgniter\Boot::runCodeIgniter(Object(CodeIgniter\CodeIgniter))
#12 C:\xampp\htdocs\comeya\public\index.php(59): CodeIgniter\Boot::bootWeb(Object(Config\Paths))
#13 {main}
CRITICAL - 2025-11-17 05:33:31 --> CodeIgniter\Database\Exceptions\DatabaseException: Illegal mix of collations (utf8mb4_unicode_ci,IMPLICIT) and (utf8mb4_general_ci,IMPLICIT) for operation '='
[Method: GET, Route: superadmin/marketing/referidos]
in SYSTEMPATH\Database\BaseConnection.php on line 684.
 1 SYSTEMPATH\Database\BaseBuilder.php(1649): CodeIgniter\Database\BaseConnection->query('SELECT `codigos_referidos`.*, COUNT(empresas.id) as usos
FROM `codigos_referidos`
LEFT JOIN `empresas` ON `empresas`.`codigo_referido` = `codigos_referidos`.`codigo`
GROUP BY `codigos_referidos`.`id`', [], false)
 2 SYSTEMPATH\Model.php(286): CodeIgniter\Database\BaseBuilder->get()
 3 SYSTEMPATH\BaseModel.php(677): CodeIgniter\Model->doFindAll(0, 0)
 4 APPPATH\Controllers\Marketing.php(85): CodeIgniter\BaseModel->findAll()
 5 SYSTEMPATH\CodeIgniter.php(933): App\Controllers\Marketing->referidos()
 6 SYSTEMPATH\CodeIgniter.php(507): CodeIgniter\CodeIgniter->runController(Object(App\Controllers\Marketing))
 7 SYSTEMPATH\CodeIgniter.php(354): CodeIgniter\CodeIgniter->handleRequest(null, Object(Config\Cache), false)
 8 SYSTEMPATH\Boot.php(363): CodeIgniter\CodeIgniter->run()
 9 SYSTEMPATH\Boot.php(68): CodeIgniter\Boot::runCodeIgniter(Object(CodeIgniter\CodeIgniter))
10 FCPATH\index.php(59): CodeIgniter\Boot::bootWeb(Object(Config\Paths))
CRITICAL - 2025-11-17 05:33:31 --> [Caused by] CodeIgniter\Database\Exceptions\DatabaseException: Illegal mix of collations (utf8mb4_unicode_ci,IMPLICIT) and (utf8mb4_general_ci,IMPLICIT) for operation '='
in SYSTEMPATH\Database\MySQLi\Connection.php on line 332.
 1 SYSTEMPATH\Database\BaseConnection.php(729): CodeIgniter\Database\MySQLi\Connection->execute('SELECT `codigos_referidos`.*, COUNT(empresas.id) as usos
FROM `codigos_referidos`
LEFT JOIN `empresas` ON `empresas`.`codigo_referido` = `codigos_referidos`.`codigo`
GROUP BY `codigos_referidos`.`id`')
 2 SYSTEMPATH\Database\BaseConnection.php(646): CodeIgniter\Database\BaseConnection->simpleQuery('SELECT `codigos_referidos`.*, COUNT(empresas.id) as usos
FROM `codigos_referidos`
LEFT JOIN `empresas` ON `empresas`.`codigo_referido` = `codigos_referidos`.`codigo`
GROUP BY `codigos_referidos`.`id`')
 3 SYSTEMPATH\Database\BaseBuilder.php(1649): CodeIgniter\Database\BaseConnection->query('SELECT `codigos_referidos`.*, COUNT(empresas.id) as usos
FROM `codigos_referidos`
LEFT JOIN `empresas` ON `empresas`.`codigo_referido` = `codigos_referidos`.`codigo`
GROUP BY `codigos_referidos`.`id`', [], false)
 4 SYSTEMPATH\Model.php(286): CodeIgniter\Database\BaseBuilder->get()
 5 SYSTEMPATH\BaseModel.php(677): CodeIgniter\Model->doFindAll(0, 0)
 6 APPPATH\Controllers\Marketing.php(85): CodeIgniter\BaseModel->findAll()
 7 SYSTEMPATH\CodeIgniter.php(933): App\Controllers\Marketing->referidos()
 8 SYSTEMPATH\CodeIgniter.php(507): CodeIgniter\CodeIgniter->runController(Object(App\Controllers\Marketing))
 9 SYSTEMPATH\CodeIgniter.php(354): CodeIgniter\CodeIgniter->handleRequest(null, Object(Config\Cache), false)
10 SYSTEMPATH\Boot.php(363): CodeIgniter\CodeIgniter->run()
11 SYSTEMPATH\Boot.php(68): CodeIgniter\Boot::runCodeIgniter(Object(CodeIgniter\CodeIgniter))
12 FCPATH\index.php(59): CodeIgniter\Boot::bootWeb(Object(Config\Paths))
CRITICAL - 2025-11-17 05:33:31 --> [Caused by] mysqli_sql_exception: Illegal mix of collations (utf8mb4_unicode_ci,IMPLICIT) and (utf8mb4_general_ci,IMPLICIT) for operation '='
in SYSTEMPATH\Database\MySQLi\Connection.php on line 327.
 1 SYSTEMPATH\Database\MySQLi\Connection.php(327): mysqli->query('SELECT `codigos_referidos`.*, COUNT(empresas.id) as usos
FROM `codigos_referidos`
LEFT JOIN `empresas` ON `empresas`.`codigo_referido` = `codigos_referidos`.`codigo`
GROUP BY `codigos_referidos`.`id`', 0)
 2 SYSTEMPATH\Database\BaseConnection.php(729): CodeIgniter\Database\MySQLi\Connection->execute('SELECT `codigos_referidos`.*, COUNT(empresas.id) as usos
FROM `codigos_referidos`
LEFT JOIN `empresas` ON `empresas`.`codigo_referido` = `codigos_referidos`.`codigo`
GROUP BY `codigos_referidos`.`id`')
 3 SYSTEMPATH\Database\BaseConnection.php(646): CodeIgniter\Database\BaseConnection->simpleQuery('SELECT `codigos_referidos`.*, COUNT(empresas.id) as usos
FROM `codigos_referidos`
LEFT JOIN `empresas` ON `empresas`.`codigo_referido` = `codigos_referidos`.`codigo`
GROUP BY `codigos_referidos`.`id`')
 4 SYSTEMPATH\Database\BaseBuilder.php(1649): CodeIgniter\Database\BaseConnection->query('SELECT `codigos_referidos`.*, COUNT(empresas.id) as usos
FROM `codigos_referidos`
LEFT JOIN `empresas` ON `empresas`.`codigo_referido` = `codigos_referidos`.`codigo`
GROUP BY `codigos_referidos`.`id`', [], false)
 5 SYSTEMPATH\Model.php(286): CodeIgniter\Database\BaseBuilder->get()
 6 SYSTEMPATH\BaseModel.php(677): CodeIgniter\Model->doFindAll(0, 0)
 7 APPPATH\Controllers\Marketing.php(85): CodeIgniter\BaseModel->findAll()
 8 SYSTEMPATH\CodeIgniter.php(933): App\Controllers\Marketing->referidos()
 9 SYSTEMPATH\CodeIgniter.php(507): CodeIgniter\CodeIgniter->runController(Object(App\Controllers\Marketing))
10 SYSTEMPATH\CodeIgniter.php(354): CodeIgniter\CodeIgniter->handleRequest(null, Object(Config\Cache), false)
11 SYSTEMPATH\Boot.php(363): CodeIgniter\CodeIgniter->run()
12 SYSTEMPATH\Boot.php(68): CodeIgniter\Boot::runCodeIgniter(Object(CodeIgniter\CodeIgniter))
13 FCPATH\index.php(59): CodeIgniter\Boot::bootWeb(Object(Config\Paths))
ERROR - 2025-11-17 05:34:13 --> mysqli_sql_exception: Illegal mix of collations (utf8mb4_unicode_ci,IMPLICIT) and (utf8mb4_general_ci,IMPLICIT) for operation '=' in C:\xampp\htdocs\comeya\system\Database\MySQLi\Connection.php:327
Stack trace:
#0 C:\xampp\htdocs\comeya\system\Database\MySQLi\Connection.php(327): mysqli->query('SELECT `codigos...', 0)
#1 C:\xampp\htdocs\comeya\system\Database\BaseConnection.php(729): CodeIgniter\Database\MySQLi\Connection->execute('SELECT `codigos...')
#2 C:\xampp\htdocs\comeya\system\Database\BaseConnection.php(646): CodeIgniter\Database\BaseConnection->simpleQuery('SELECT `codigos...')
#3 C:\xampp\htdocs\comeya\system\Database\BaseBuilder.php(1649): CodeIgniter\Database\BaseConnection->query('SELECT `codigos...', Array, false)
#4 C:\xampp\htdocs\comeya\system\Model.php(286): CodeIgniter\Database\BaseBuilder->get()
#5 C:\xampp\htdocs\comeya\system\BaseModel.php(677): CodeIgniter\Model->doFindAll(0, 0)
#6 C:\xampp\htdocs\comeya\app\Controllers\Marketing.php(85): CodeIgniter\BaseModel->findAll()
#7 C:\xampp\htdocs\comeya\system\CodeIgniter.php(933): App\Controllers\Marketing->referidos()
#8 C:\xampp\htdocs\comeya\system\CodeIgniter.php(507): CodeIgniter\CodeIgniter->runController(Object(App\Controllers\Marketing))
#9 C:\xampp\htdocs\comeya\system\CodeIgniter.php(354): CodeIgniter\CodeIgniter->handleRequest(NULL, Object(Config\Cache), false)
#10 C:\xampp\htdocs\comeya\system\Boot.php(363): CodeIgniter\CodeIgniter->run()
#11 C:\xampp\htdocs\comeya\system\Boot.php(68): CodeIgniter\Boot::runCodeIgniter(Object(CodeIgniter\CodeIgniter))
#12 C:\xampp\htdocs\comeya\public\index.php(59): CodeIgniter\Boot::bootWeb(Object(Config\Paths))
#13 {main}
CRITICAL - 2025-11-17 05:34:13 --> CodeIgniter\Database\Exceptions\DatabaseException: Illegal mix of collations (utf8mb4_unicode_ci,IMPLICIT) and (utf8mb4_general_ci,IMPLICIT) for operation '='
[Method: GET, Route: superadmin/marketing/referidos]
in SYSTEMPATH\Database\BaseConnection.php on line 684.
 1 SYSTEMPATH\Database\BaseBuilder.php(1649): CodeIgniter\Database\BaseConnection->query('SELECT `codigos_referidos`.*, COUNT(empresas.id) as usos
FROM `codigos_referidos`
LEFT JOIN `empresas` ON `empresas`.`codigo_referido` = `codigos_referidos`.`codigo`
GROUP BY `codigos_referidos`.`id`', [], false)
 2 SYSTEMPATH\Model.php(286): CodeIgniter\Database\BaseBuilder->get()
 3 SYSTEMPATH\BaseModel.php(677): CodeIgniter\Model->doFindAll(0, 0)
 4 APPPATH\Controllers\Marketing.php(85): CodeIgniter\BaseModel->findAll()
 5 SYSTEMPATH\CodeIgniter.php(933): App\Controllers\Marketing->referidos()
 6 SYSTEMPATH\CodeIgniter.php(507): CodeIgniter\CodeIgniter->runController(Object(App\Controllers\Marketing))
 7 SYSTEMPATH\CodeIgniter.php(354): CodeIgniter\CodeIgniter->handleRequest(null, Object(Config\Cache), false)
 8 SYSTEMPATH\Boot.php(363): CodeIgniter\CodeIgniter->run()
 9 SYSTEMPATH\Boot.php(68): CodeIgniter\Boot::runCodeIgniter(Object(CodeIgniter\CodeIgniter))
10 FCPATH\index.php(59): CodeIgniter\Boot::bootWeb(Object(Config\Paths))
CRITICAL - 2025-11-17 05:34:13 --> [Caused by] CodeIgniter\Database\Exceptions\DatabaseException: Illegal mix of collations (utf8mb4_unicode_ci,IMPLICIT) and (utf8mb4_general_ci,IMPLICIT) for operation '='
in SYSTEMPATH\Database\MySQLi\Connection.php on line 332.
 1 SYSTEMPATH\Database\BaseConnection.php(729): CodeIgniter\Database\MySQLi\Connection->execute('SELECT `codigos_referidos`.*, COUNT(empresas.id) as usos
FROM `codigos_referidos`
LEFT JOIN `empresas` ON `empresas`.`codigo_referido` = `codigos_referidos`.`codigo`
GROUP BY `codigos_referidos`.`id`')
 2 SYSTEMPATH\Database\BaseConnection.php(646): CodeIgniter\Database\BaseConnection->simpleQuery('SELECT `codigos_referidos`.*, COUNT(empresas.id) as usos
FROM `codigos_referidos`
LEFT JOIN `empresas` ON `empresas`.`codigo_referido` = `codigos_referidos`.`codigo`
GROUP BY `codigos_referidos`.`id`')
 3 SYSTEMPATH\Database\BaseBuilder.php(1649): CodeIgniter\Database\BaseConnection->query('SELECT `codigos_referidos`.*, COUNT(empresas.id) as usos
FROM `codigos_referidos`
LEFT JOIN `empresas` ON `empresas`.`codigo_referido` = `codigos_referidos`.`codigo`
GROUP BY `codigos_referidos`.`id`', [], false)
 4 SYSTEMPATH\Model.php(286): CodeIgniter\Database\BaseBuilder->get()
 5 SYSTEMPATH\BaseModel.php(677): CodeIgniter\Model->doFindAll(0, 0)
 6 APPPATH\Controllers\Marketing.php(85): CodeIgniter\BaseModel->findAll()
 7 SYSTEMPATH\CodeIgniter.php(933): App\Controllers\Marketing->referidos()
 8 SYSTEMPATH\CodeIgniter.php(507): CodeIgniter\CodeIgniter->runController(Object(App\Controllers\Marketing))
 9 SYSTEMPATH\CodeIgniter.php(354): CodeIgniter\CodeIgniter->handleRequest(null, Object(Config\Cache), false)
10 SYSTEMPATH\Boot.php(363): CodeIgniter\CodeIgniter->run()
11 SYSTEMPATH\Boot.php(68): CodeIgniter\Boot::runCodeIgniter(Object(CodeIgniter\CodeIgniter))
12 FCPATH\index.php(59): CodeIgniter\Boot::bootWeb(Object(Config\Paths))
CRITICAL - 2025-11-17 05:34:13 --> [Caused by] mysqli_sql_exception: Illegal mix of collations (utf8mb4_unicode_ci,IMPLICIT) and (utf8mb4_general_ci,IMPLICIT) for operation '='
in SYSTEMPATH\Database\MySQLi\Connection.php on line 327.
 1 SYSTEMPATH\Database\MySQLi\Connection.php(327): mysqli->query('SELECT `codigos_referidos`.*, COUNT(empresas.id) as usos
FROM `codigos_referidos`
LEFT JOIN `empresas` ON `empresas`.`codigo_referido` = `codigos_referidos`.`codigo`
GROUP BY `codigos_referidos`.`id`', 0)
 2 SYSTEMPATH\Database\BaseConnection.php(729): CodeIgniter\Database\MySQLi\Connection->execute('SELECT `codigos_referidos`.*, COUNT(empresas.id) as usos
FROM `codigos_referidos`
LEFT JOIN `empresas` ON `empresas`.`codigo_referido` = `codigos_referidos`.`codigo`
GROUP BY `codigos_referidos`.`id`')
 3 SYSTEMPATH\Database\BaseConnection.php(646): CodeIgniter\Database\BaseConnection->simpleQuery('SELECT `codigos_referidos`.*, COUNT(empresas.id) as usos
FROM `codigos_referidos`
LEFT JOIN `empresas` ON `empresas`.`codigo_referido` = `codigos_referidos`.`codigo`
GROUP BY `codigos_referidos`.`id`')
 4 SYSTEMPATH\Database\BaseBuilder.php(1649): CodeIgniter\Database\BaseConnection->query('SELECT `codigos_referidos`.*, COUNT(empresas.id) as usos
FROM `codigos_referidos`
LEFT JOIN `empresas` ON `empresas`.`codigo_referido` = `codigos_referidos`.`codigo`
GROUP BY `codigos_referidos`.`id`', [], false)
 5 SYSTEMPATH\Model.php(286): CodeIgniter\Database\BaseBuilder->get()
 6 SYSTEMPATH\BaseModel.php(677): CodeIgniter\Model->doFindAll(0, 0)
 7 APPPATH\Controllers\Marketing.php(85): CodeIgniter\BaseModel->findAll()
 8 SYSTEMPATH\CodeIgniter.php(933): App\Controllers\Marketing->referidos()
 9 SYSTEMPATH\CodeIgniter.php(507): CodeIgniter\CodeIgniter->runController(Object(App\Controllers\Marketing))
10 SYSTEMPATH\CodeIgniter.php(354): CodeIgniter\CodeIgniter->handleRequest(null, Object(Config\Cache), false)
11 SYSTEMPATH\Boot.php(363): CodeIgniter\CodeIgniter->run()
12 SYSTEMPATH\Boot.php(68): CodeIgniter\Boot::runCodeIgniter(Object(CodeIgniter\CodeIgniter))
13 FCPATH\index.php(59): CodeIgniter\Boot::bootWeb(Object(Config\Paths))
