CRITICAL - 2025-11-19 01:26:43 --> ErrorException: Undefined variable $productosPorCategoria
[Method: GET, Route: restaurantes/]
in APPPATH\Views\Restaurantes\restaurantes.php on line 95.
 1 APPPATH\Views\Restaurantes\restaurantes.php(95): CodeIgniter\Debug\Exceptions->errorHandler(2, 'Undefined variable $productosPorCategoria', 'C:\\xampp\\htdocs\\comeya\\app\\Views\\Restaurantes\\restaurantes.php', 95)
 2 SYSTEMPATH\View\View.php(226): include('C:\\xampp\\htdocs\\comeya\\app\\Views\\Restaurantes\\restaurantes.php')
 3 SYSTEMPATH\View\View.php(229): CodeIgniter\View\View->CodeIgniter\View\{closure}()
 4 SYSTEMPATH\Common.php(1167): CodeIgniter\View\View->render('Restaurantes/restaurantes', [], true)
 5 APPPATH\Controllers\Restaurantes.php(9): view('Restaurantes/restaurantes')
 6 SYSTEMPATH\CodeIgniter.php(933): App\Controllers\Restaurantes->index()
 7 SYSTEMPATH\CodeIgniter.php(507): CodeIgniter\CodeIgniter->runController(Object(App\Controllers\Restaurantes))
 8 SYSTEMPATH\CodeIgniter.php(354): CodeIgniter\CodeIgniter->handleRequest(null, Object(Config\Cache), false)
 9 SYSTEMPATH\Boot.php(363): CodeIgniter\CodeIgniter->run()
10 SYSTEMPATH\Boot.php(68): CodeIgniter\Boot::runCodeIgniter(Object(CodeIgniter\CodeIgniter))
11 FCPATH\index.php(59): CodeIgniter\Boot::bootWeb(Object(Config\Paths))
12 ROOTPATH\index.php(2): require_once('C:\\xampp\\htdocs\\comeya\\public\\index.php')
CRITICAL - 2025-11-19 01:26:44 --> ErrorException: Undefined variable $productosPorCategoria
[Method: GET, Route: restaurantes/]
in APPPATH\Views\Restaurantes\restaurantes.php on line 95.
 1 APPPATH\Views\Restaurantes\restaurantes.php(95): CodeIgniter\Debug\Exceptions->errorHandler(2, 'Undefined variable $productosPorCategoria', 'C:\\xampp\\htdocs\\comeya\\app\\Views\\Restaurantes\\restaurantes.php', 95)
 2 SYSTEMPATH\View\View.php(226): include('C:\\xampp\\htdocs\\comeya\\app\\Views\\Restaurantes\\restaurantes.php')
 3 SYSTEMPATH\View\View.php(229): CodeIgniter\View\View->CodeIgniter\View\{closure}()
 4 SYSTEMPATH\Common.php(1167): CodeIgniter\View\View->render('Restaurantes/restaurantes', [], true)
 5 APPPATH\Controllers\Restaurantes.php(9): view('Restaurantes/restaurantes')
 6 SYSTEMPATH\CodeIgniter.php(933): App\Controllers\Restaurantes->index()
 7 SYSTEMPATH\CodeIgniter.php(507): CodeIgniter\CodeIgniter->runController(Object(App\Controllers\Restaurantes))
 8 SYSTEMPATH\CodeIgniter.php(354): CodeIgniter\CodeIgniter->handleRequest(null, Object(Config\Cache), false)
 9 SYSTEMPATH\Boot.php(363): CodeIgniter\CodeIgniter->run()
10 SYSTEMPATH\Boot.php(68): CodeIgniter\Boot::runCodeIgniter(Object(CodeIgniter\CodeIgniter))
11 FCPATH\index.php(59): CodeIgniter\Boot::bootWeb(Object(Config\Paths))
12 ROOTPATH\index.php(2): require_once('C:\\xampp\\htdocs\\comeya\\public\\index.php')
